/home/lim/ros2_px4_ws/install/px4_sim_py/lib/python3.10/site-packages/px4_sim_py/px4_status_aggregator.py
/home/lim/ros2_px4_ws/install/px4_sim_py/lib/python3.10/site-packages/px4_sim_py/__init__.py
/home/lim/ros2_px4_ws/install/px4_sim_py/lib/python3.10/site-packages/px4_sim_py/gcs_mission_gateway.py
/home/lim/ros2_px4_ws/install/px4_sim_py/lib/python3.10/site-packages/px4_sim_py/px4_instance_manager.py
/home/lim/ros2_px4_ws/install/px4_sim_py/lib/python3.10/site-packages/px4_sim_py/__pycache__/px4_status_aggregator.cpython-310.pyc
/home/lim/ros2_px4_ws/install/px4_sim_py/lib/python3.10/site-packages/px4_sim_py/__pycache__/__init__.cpython-310.pyc
/home/lim/ros2_px4_ws/install/px4_sim_py/lib/python3.10/site-packages/px4_sim_py/__pycache__/gcs_mission_gateway.cpython-310.pyc
/home/lim/ros2_px4_ws/install/px4_sim_py/lib/python3.10/site-packages/px4_sim_py/__pycache__/px4_instance_manager.cpython-310.pyc
/home/lim/ros2_px4_ws/install/px4_sim_py/share/ament_index/resource_index/packages/px4_sim_py
/home/lim/ros2_px4_ws/install/px4_sim_py/share/px4_sim_py/package.xml
/home/lim/ros2_px4_ws/install/px4_sim_py/lib/python3.10/site-packages/px4_sim_py-0.0.0-py3.10.egg-info/PKG-INFO
/home/lim/ros2_px4_ws/install/px4_sim_py/lib/python3.10/site-packages/px4_sim_py-0.0.0-py3.10.egg-info/requires.txt
/home/lim/ros2_px4_ws/install/px4_sim_py/lib/python3.10/site-packages/px4_sim_py-0.0.0-py3.10.egg-info/zip-safe
/home/lim/ros2_px4_ws/install/px4_sim_py/lib/python3.10/site-packages/px4_sim_py-0.0.0-py3.10.egg-info/SOURCES.txt
/home/lim/ros2_px4_ws/install/px4_sim_py/lib/python3.10/site-packages/px4_sim_py-0.0.0-py3.10.egg-info/entry_points.txt
/home/lim/ros2_px4_ws/install/px4_sim_py/lib/python3.10/site-packages/px4_sim_py-0.0.0-py3.10.egg-info/dependency_links.txt
/home/lim/ros2_px4_ws/install/px4_sim_py/lib/python3.10/site-packages/px4_sim_py-0.0.0-py3.10.egg-info/top_level.txt
/home/lim/ros2_px4_ws/install/px4_sim_py/lib/px4_sim_py/gcs_mission_gateway
/home/lim/ros2_px4_ws/install/px4_sim_py/lib/px4_sim_py/px4_instance_manager
/home/lim/ros2_px4_ws/install/px4_sim_py/lib/px4_sim_py/px4_status_aggregator
