-- The C compiler identification is GNU 11.4.0
-- The CXX compiler identification is GNU 11.4.0
-- Detecting C compiler ABI info
-- Detecting C compiler ABI info - done
-- Check for working C compiler: /usr/bin/cc - skipped
-- Detecting C compile features
-- Detecting C compile features - done
-- Detecting CXX compiler ABI info
-- Detecting CXX compiler ABI info - done
-- Check for working CXX compiler: /usr/bin/c++ - skipped
-- Detecting CXX compile features
-- Detecting CXX compile features - done
-- Found ament_cmake: 1.3.12 (/opt/ros/humble/share/ament_cmake/cmake)
-- Found Python3: /usr/bin/python3 (found version "3.10.12") found components: Interpreter 
-- Found rosidl_default_generators: 1.2.0 (/opt/ros/humble/share/rosidl_default_generators/cmake)
-- Using all available rosidl_typesupport_c: rosidl_typesupport_fastrtps_c;rosidl_typesupport_introspection_c
-- Found rosidl_adapter: 3.1.7 (/opt/ros/humble/share/rosidl_adapter/cmake)
-- Using all available rosidl_typesupport_cpp: rosidl_typesupport_fastrtps_cpp;rosidl_typesupport_introspection_cpp
-- Found ament_cmake_ros: 0.10.0 (/opt/ros/humble/share/ament_cmake_ros/cmake)
-- Using all available rosidl_typesupport_c: rosidl_typesupport_fastrtps_c;rosidl_typesupport_introspection_c
-- Using all available rosidl_typesupport_cpp: rosidl_typesupport_fastrtps_cpp;rosidl_typesupport_introspection_cpp
-- Found PythonInterp: /usr/bin/python3 (found suitable version "3.10.12", minimum required is "3.6") 
-- Found python_cmake_module: 0.10.0 (/opt/ros/humble/share/python_cmake_module/cmake)
-- Found PythonLibs: /usr/lib/x86_64-linux-gnu/libpython3.10.so (found suitable version "3.10.12", minimum required is "3.5") 
-- Using PYTHON_EXECUTABLE: /usr/bin/python3
-- Using PYTHON_INCLUDE_DIRS: /usr/include/python3.10
-- Using PYTHON_LIBRARIES: /usr/lib/x86_64-linux-gnu/libpython3.10.so
-- Found PythonExtra: .so  
-- Configuring done
-- Generating done
-- Build files have been written to: /home/lim/ros2_px4_ws/build/px4_interface
[  1%] [34m[1mGenerating C code for ROS interfaces[0m
[  1%] [34m[1mGenerating C++ code for ROS interfaces[0m
[  1%] Built target ament_cmake_python_copy_px4_interface
running egg_info
creating px4_interface.egg-info
writing px4_interface.egg-info/PKG-INFO
writing dependency_links to px4_interface.egg-info/dependency_links.txt
writing top-level names to px4_interface.egg-info/top_level.txt
writing manifest file 'px4_interface.egg-info/SOURCES.txt'
reading manifest file 'px4_interface.egg-info/SOURCES.txt'
writing manifest file 'px4_interface.egg-info/SOURCES.txt'
[  1%] Built target ament_cmake_python_build_px4_interface_egg
[  2%] [32mBuilding C object CMakeFiles/px4_interface__rosidl_generator_c.dir/rosidl_generator_c/px4_interface/msg/detail/px4_status__functions.c.o[0m
[  3%] [32mBuilding C object CMakeFiles/px4_interface__rosidl_generator_c.dir/rosidl_generator_c/px4_interface/msg/detail/instance_event__functions.c.o[0m
[  5%] [32mBuilding C object CMakeFiles/px4_interface__rosidl_generator_c.dir/rosidl_generator_c/px4_interface/msg/detail/instance_list__functions.c.o[0m
[  6%] [32mBuilding C object CMakeFiles/px4_interface__rosidl_generator_c.dir/rosidl_generator_c/px4_interface/msg/detail/mission_waypoint__functions.c.o[0m
[  6%] [32mBuilding C object CMakeFiles/px4_interface__rosidl_generator_c.dir/rosidl_generator_c/px4_interface/msg/detail/ui_status__functions.c.o[0m
[  7%] [32mBuilding C object CMakeFiles/px4_interface__rosidl_generator_c.dir/rosidl_generator_c/px4_interface/msg/detail/mission_plan__functions.c.o[0m
[  8%] [32mBuilding C object CMakeFiles/px4_interface__rosidl_generator_c.dir/rosidl_generator_c/px4_interface/msg/detail/mission_plan_for_drone__functions.c.o[0m
[  9%] [32mBuilding C object CMakeFiles/px4_interface__rosidl_generator_c.dir/rosidl_generator_c/px4_interface/msg/detail/gyro_control__functions.c.o[0m
[ 10%] [32mBuilding C object CMakeFiles/px4_interface__rosidl_generator_c.dir/rosidl_generator_c/px4_interface/msg/detail/mission_command__functions.c.o[0m
[ 11%] [32mBuilding C object CMakeFiles/px4_interface__rosidl_generator_c.dir/rosidl_generator_c/px4_interface/msg/detail/mission_status__functions.c.o[0m
[ 11%] Built target px4_interface__cpp
[ 13%] [34m[1mGenerating C++ type support for eProsima Fast-RTPS[0m
[ 13%] [34m[1mGenerating C++ type support dispatch for ROS interfaces[0m
[ 14%] [34m[1mGenerating C++ introspection for ROS interfaces[0m
[ 15%] [32m[1mLinking C shared library libpx4_interface__rosidl_generator_c.so[0m
[ 15%] Built target px4_interface__rosidl_generator_c
[ 17%] [34m[1mGenerating C type support for eProsima Fast-RTPS[0m
[ 17%] [34m[1mGenerating C type support dispatch for ROS interfaces[0m
[ 18%] [34m[1mGenerating C introspection for ROS interfaces[0m
[ 19%] [32mBuilding CXX object CMakeFiles/px4_interface__rosidl_typesupport_cpp.dir/rosidl_typesupport_cpp/px4_interface/msg/instance_event__type_support.cpp.o[0m
[ 20%] [32mBuilding CXX object CMakeFiles/px4_interface__rosidl_typesupport_cpp.dir/rosidl_typesupport_cpp/px4_interface/msg/px4_status__type_support.cpp.o[0m
[ 21%] [32mBuilding CXX object CMakeFiles/px4_interface__rosidl_typesupport_cpp.dir/rosidl_typesupport_cpp/px4_interface/msg/mission_plan__type_support.cpp.o[0m
[ 22%] [32mBuilding CXX object CMakeFiles/px4_interface__rosidl_typesupport_cpp.dir/rosidl_typesupport_cpp/px4_interface/msg/ui_status__type_support.cpp.o[0m
[ 24%] [32mBuilding CXX object CMakeFiles/px4_interface__rosidl_typesupport_cpp.dir/rosidl_typesupport_cpp/px4_interface/msg/mission_waypoint__type_support.cpp.o[0m
[ 24%] [32mBuilding CXX object CMakeFiles/px4_interface__rosidl_typesupport_cpp.dir/rosidl_typesupport_cpp/px4_interface/msg/instance_list__type_support.cpp.o[0m
[ 25%] [32mBuilding CXX object CMakeFiles/px4_interface__rosidl_typesupport_cpp.dir/rosidl_typesupport_cpp/px4_interface/msg/mission_plan_for_drone__type_support.cpp.o[0m
[ 26%] [32mBuilding CXX object CMakeFiles/px4_interface__rosidl_typesupport_cpp.dir/rosidl_typesupport_cpp/px4_interface/msg/mission_status__type_support.cpp.o[0m
[ 27%] [32mBuilding CXX object CMakeFiles/px4_interface__rosidl_typesupport_cpp.dir/rosidl_typesupport_cpp/px4_interface/msg/mission_command__type_support.cpp.o[0m
[ 28%] [32mBuilding CXX object CMakeFiles/px4_interface__rosidl_typesupport_cpp.dir/rosidl_typesupport_cpp/px4_interface/msg/gyro_control__type_support.cpp.o[0m
[ 29%] [32mBuilding CXX object CMakeFiles/px4_interface__rosidl_typesupport_c.dir/rosidl_typesupport_c/px4_interface/msg/px4_status__type_support.cpp.o[0m
[ 30%] [32mBuilding CXX object CMakeFiles/px4_interface__rosidl_typesupport_c.dir/rosidl_typesupport_c/px4_interface/msg/instance_list__type_support.cpp.o[0m
[ 34%] [32mBuilding CXX object CMakeFiles/px4_interface__rosidl_typesupport_c.dir/rosidl_typesupport_c/px4_interface/msg/mission_status__type_support.cpp.o[0m
[ 34%] [32mBuilding CXX object CMakeFiles/px4_interface__rosidl_typesupport_c.dir/rosidl_typesupport_c/px4_interface/msg/instance_event__type_support.cpp.o[0m
[ 34%] [32mBuilding CXX object CMakeFiles/px4_interface__rosidl_typesupport_c.dir/rosidl_typesupport_c/px4_interface/msg/mission_command__type_support.cpp.o[0m
[ 34%] [32mBuilding CXX object CMakeFiles/px4_interface__rosidl_typesupport_c.dir/rosidl_typesupport_c/px4_interface/msg/mission_plan__type_support.cpp.o[0m
[ 34%] [32mBuilding CXX object CMakeFiles/px4_interface__rosidl_typesupport_c.dir/rosidl_typesupport_c/px4_interface/msg/ui_status__type_support.cpp.o[0m
[ 35%] [32mBuilding CXX object CMakeFiles/px4_interface__rosidl_typesupport_c.dir/rosidl_typesupport_c/px4_interface/msg/mission_plan_for_drone__type_support.cpp.o[0m
[ 36%] [32mBuilding CXX object CMakeFiles/px4_interface__rosidl_typesupport_c.dir/rosidl_typesupport_c/px4_interface/msg/mission_waypoint__type_support.cpp.o[0m
[ 37%] [32mBuilding CXX object CMakeFiles/px4_interface__rosidl_typesupport_c.dir/rosidl_typesupport_c/px4_interface/msg/gyro_control__type_support.cpp.o[0m
[ 38%] [32m[1mLinking CXX shared library libpx4_interface__rosidl_typesupport_c.so[0m
[ 39%] [32mBuilding CXX object CMakeFiles/px4_interface__rosidl_typesupport_introspection_cpp.dir/rosidl_typesupport_introspection_cpp/px4_interface/msg/detail/px4_status__type_support.cpp.o[0m
[ 42%] [32mBuilding CXX object CMakeFiles/px4_interface__rosidl_typesupport_introspection_cpp.dir/rosidl_typesupport_introspection_cpp/px4_interface/msg/detail/mission_waypoint__type_support.cpp.o[0m
[ 42%] [32mBuilding CXX object CMakeFiles/px4_interface__rosidl_typesupport_introspection_cpp.dir/rosidl_typesupport_introspection_cpp/px4_interface/msg/detail/mission_command__type_support.cpp.o[0m
[ 42%] [32mBuilding CXX object CMakeFiles/px4_interface__rosidl_typesupport_introspection_cpp.dir/rosidl_typesupport_introspection_cpp/px4_interface/msg/detail/instance_list__type_support.cpp.o[0m
[ 46%] [32mBuilding CXX object CMakeFiles/px4_interface__rosidl_typesupport_introspection_cpp.dir/rosidl_typesupport_introspection_cpp/px4_interface/msg/detail/ui_status__type_support.cpp.o[0m
[ 46%] [32mBuilding CXX object CMakeFiles/px4_interface__rosidl_typesupport_introspection_cpp.dir/rosidl_typesupport_introspection_cpp/px4_interface/msg/detail/mission_plan__type_support.cpp.o[0m
[ 46%] [32mBuilding CXX object CMakeFiles/px4_interface__rosidl_typesupport_introspection_cpp.dir/rosidl_typesupport_introspection_cpp/px4_interface/msg/detail/instance_event__type_support.cpp.o[0m
[ 46%] [32mBuilding CXX object CMakeFiles/px4_interface__rosidl_typesupport_introspection_cpp.dir/rosidl_typesupport_introspection_cpp/px4_interface/msg/detail/mission_plan_for_drone__type_support.cpp.o[0m
[ 47%] [32mBuilding CXX object CMakeFiles/px4_interface__rosidl_typesupport_introspection_cpp.dir/rosidl_typesupport_introspection_cpp/px4_interface/msg/detail/mission_status__type_support.cpp.o[0m
[ 48%] [32mBuilding CXX object CMakeFiles/px4_interface__rosidl_typesupport_introspection_cpp.dir/rosidl_typesupport_introspection_cpp/px4_interface/msg/detail/gyro_control__type_support.cpp.o[0m
[ 48%] Built target px4_interface__rosidl_typesupport_c
[ 49%] [32m[1mLinking CXX shared library libpx4_interface__rosidl_typesupport_cpp.so[0m
[ 52%] [32mBuilding CXX object CMakeFiles/px4_interface__rosidl_typesupport_fastrtps_c.dir/rosidl_typesupport_fastrtps_c/px4_interface/msg/detail/px4_status__type_support_c.cpp.o[0m
[ 52%] [32mBuilding CXX object CMakeFiles/px4_interface__rosidl_typesupport_fastrtps_c.dir/rosidl_typesupport_fastrtps_c/px4_interface/msg/detail/ui_status__type_support_c.cpp.o[0m
[ 55%] [32mBuilding CXX object CMakeFiles/px4_interface__rosidl_typesupport_fastrtps_c.dir/rosidl_typesupport_fastrtps_c/px4_interface/msg/detail/instance_list__type_support_c.cpp.o[0m
[ 55%] [32mBuilding CXX object CMakeFiles/px4_interface__rosidl_typesupport_fastrtps_c.dir/rosidl_typesupport_fastrtps_c/px4_interface/msg/detail/mission_plan__type_support_c.cpp.o[0m
[ 52%] [32mBuilding CXX object CMakeFiles/px4_interface__rosidl_typesupport_fastrtps_c.dir/rosidl_typesupport_fastrtps_c/px4_interface/msg/detail/instance_event__type_support_c.cpp.o[0m
[ 58%] [32mBuilding CXX object CMakeFiles/px4_interface__rosidl_typesupport_fastrtps_c.dir/rosidl_typesupport_fastrtps_c/px4_interface/msg/detail/mission_waypoint__type_support_c.cpp.o[0m
[ 55%] [32mBuilding CXX object CMakeFiles/px4_interface__rosidl_typesupport_fastrtps_c.dir/rosidl_typesupport_fastrtps_c/px4_interface/msg/detail/mission_command__type_support_c.cpp.o[0m
[ 58%] [32mBuilding CXX object CMakeFiles/px4_interface__rosidl_typesupport_fastrtps_c.dir/rosidl_typesupport_fastrtps_c/px4_interface/msg/detail/gyro_control__type_support_c.cpp.o[0m
[ 58%] [32mBuilding CXX object CMakeFiles/px4_interface__rosidl_typesupport_fastrtps_c.dir/rosidl_typesupport_fastrtps_c/px4_interface/msg/detail/mission_plan_for_drone__type_support_c.cpp.o[0m
[ 59%] [32mBuilding CXX object CMakeFiles/px4_interface__rosidl_typesupport_fastrtps_c.dir/rosidl_typesupport_fastrtps_c/px4_interface/msg/detail/mission_status__type_support_c.cpp.o[0m
[ 60%] [32mBuilding CXX object CMakeFiles/px4_interface__rosidl_typesupport_fastrtps_cpp.dir/rosidl_typesupport_fastrtps_cpp/px4_interface/msg/detail/dds_fastrtps/instance_event__type_support.cpp.o[0m
[ 61%] [32mBuilding C object CMakeFiles/px4_interface__rosidl_typesupport_introspection_c.dir/rosidl_typesupport_introspection_c/px4_interface/msg/detail/px4_status__type_support.c.o[0m
[ 62%] [32mBuilding CXX object CMakeFiles/px4_interface__rosidl_typesupport_fastrtps_cpp.dir/rosidl_typesupport_fastrtps_cpp/px4_interface/msg/detail/dds_fastrtps/px4_status__type_support.cpp.o[0m
[ 62%] Built target px4_interface__rosidl_typesupport_cpp
[ 63%] [32mBuilding C object CMakeFiles/px4_interface__rosidl_typesupport_introspection_c.dir/rosidl_typesupport_introspection_c/px4_interface/msg/detail/instance_list__type_support.c.o[0m
[ 64%] [32mBuilding C object CMakeFiles/px4_interface__rosidl_typesupport_introspection_c.dir/rosidl_typesupport_introspection_c/px4_interface/msg/detail/instance_event__type_support.c.o[0m
[ 65%] [32mBuilding C object CMakeFiles/px4_interface__rosidl_typesupport_introspection_c.dir/rosidl_typesupport_introspection_c/px4_interface/msg/detail/ui_status__type_support.c.o[0m
[ 66%] [32mBuilding C object CMakeFiles/px4_interface__rosidl_typesupport_introspection_c.dir/rosidl_typesupport_introspection_c/px4_interface/msg/detail/mission_waypoint__type_support.c.o[0m
[ 66%] [32mBuilding CXX object CMakeFiles/px4_interface__rosidl_typesupport_fastrtps_cpp.dir/rosidl_typesupport_fastrtps_cpp/px4_interface/msg/detail/dds_fastrtps/instance_list__type_support.cpp.o[0m
[ 67%] [32mBuilding C object CMakeFiles/px4_interface__rosidl_typesupport_introspection_c.dir/rosidl_typesupport_introspection_c/px4_interface/msg/detail/mission_command__type_support.c.o[0m
[ 68%] [32mBuilding C object CMakeFiles/px4_interface__rosidl_typesupport_introspection_c.dir/rosidl_typesupport_introspection_c/px4_interface/msg/detail/mission_plan__type_support.c.o[0m
[ 69%] [32mBuilding CXX object CMakeFiles/px4_interface__rosidl_typesupport_fastrtps_cpp.dir/rosidl_typesupport_fastrtps_cpp/px4_interface/msg/detail/dds_fastrtps/ui_status__type_support.cpp.o[0m
[ 71%] [32mBuilding C object CMakeFiles/px4_interface__rosidl_typesupport_introspection_c.dir/rosidl_typesupport_introspection_c/px4_interface/msg/detail/mission_status__type_support.c.o[0m
[ 71%] [32mBuilding C object CMakeFiles/px4_interface__rosidl_typesupport_introspection_c.dir/rosidl_typesupport_introspection_c/px4_interface/msg/detail/mission_plan_for_drone__type_support.c.o[0m
[ 72%] [32mBuilding CXX object CMakeFiles/px4_interface__rosidl_typesupport_fastrtps_cpp.dir/rosidl_typesupport_fastrtps_cpp/px4_interface/msg/detail/dds_fastrtps/mission_waypoint__type_support.cpp.o[0m
[ 73%] [32mBuilding C object CMakeFiles/px4_interface__rosidl_typesupport_introspection_c.dir/rosidl_typesupport_introspection_c/px4_interface/msg/detail/gyro_control__type_support.c.o[0m
[ 74%] [32mBuilding CXX object CMakeFiles/px4_interface__rosidl_typesupport_fastrtps_cpp.dir/rosidl_typesupport_fastrtps_cpp/px4_interface/msg/detail/dds_fastrtps/mission_plan__type_support.cpp.o[0m
[ 75%] [32mBuilding CXX object CMakeFiles/px4_interface__rosidl_typesupport_fastrtps_cpp.dir/rosidl_typesupport_fastrtps_cpp/px4_interface/msg/detail/dds_fastrtps/mission_command__type_support.cpp.o[0m
[ 76%] [32mBuilding CXX object CMakeFiles/px4_interface__rosidl_typesupport_fastrtps_cpp.dir/rosidl_typesupport_fastrtps_cpp/px4_interface/msg/detail/dds_fastrtps/mission_plan_for_drone__type_support.cpp.o[0m
[ 77%] [32mBuilding CXX object CMakeFiles/px4_interface__rosidl_typesupport_fastrtps_cpp.dir/rosidl_typesupport_fastrtps_cpp/px4_interface/msg/detail/dds_fastrtps/mission_status__type_support.cpp.o[0m
[ 78%] [32mBuilding CXX object CMakeFiles/px4_interface__rosidl_typesupport_fastrtps_cpp.dir/rosidl_typesupport_fastrtps_cpp/px4_interface/msg/detail/dds_fastrtps/gyro_control__type_support.cpp.o[0m
[ 79%] [32m[1mLinking C shared library libpx4_interface__rosidl_typesupport_introspection_c.so[0m
[ 79%] Built target px4_interface__rosidl_typesupport_introspection_c
[ 80%] [32m[1mLinking CXX shared library libpx4_interface__rosidl_typesupport_fastrtps_c.so[0m
[ 81%] [32m[1mLinking CXX shared library libpx4_interface__rosidl_typesupport_introspection_cpp.so[0m
[ 81%] Built target px4_interface__rosidl_typesupport_fastrtps_c
[ 81%] Built target px4_interface__rosidl_typesupport_introspection_cpp
[ 82%] [32m[1mLinking CXX shared library libpx4_interface__rosidl_typesupport_fastrtps_cpp.so[0m
[ 82%] Built target px4_interface__rosidl_typesupport_fastrtps_cpp
[ 82%] Built target px4_interface
[ 83%] [34m[1mGenerating Python code for ROS interfaces[0m
[ 83%] Built target px4_interface__py
[ 85%] [32mBuilding C object CMakeFiles/px4_interface__rosidl_generator_py.dir/rosidl_generator_py/px4_interface/msg/_ui_status_s.c.o[0m
[ 85%] [32mBuilding C object CMakeFiles/px4_interface__rosidl_generator_py.dir/rosidl_generator_py/px4_interface/msg/_instance_event_s.c.o[0m
[ 86%] [32mBuilding C object CMakeFiles/px4_interface__rosidl_generator_py.dir/rosidl_generator_py/px4_interface/msg/_px4_status_s.c.o[0m
[ 87%] [32mBuilding C object CMakeFiles/px4_interface__rosidl_generator_py.dir/rosidl_generator_py/px4_interface/msg/_mission_plan_s.c.o[0m
[ 89%] [32mBuilding C object CMakeFiles/px4_interface__rosidl_generator_py.dir/rosidl_generator_py/px4_interface/msg/_mission_waypoint_s.c.o[0m
[ 89%] [32mBuilding C object CMakeFiles/px4_interface__rosidl_generator_py.dir/rosidl_generator_py/px4_interface/msg/_instance_list_s.c.o[0m
[ 90%] [32mBuilding C object CMakeFiles/px4_interface__rosidl_generator_py.dir/rosidl_generator_py/px4_interface/msg/_mission_command_s.c.o[0m
[ 92%] [32mBuilding C object CMakeFiles/px4_interface__rosidl_generator_py.dir/rosidl_generator_py/px4_interface/msg/_gyro_control_s.c.o[0m
[ 92%] [32mBuilding C object CMakeFiles/px4_interface__rosidl_generator_py.dir/rosidl_generator_py/px4_interface/msg/_mission_plan_for_drone_s.c.o[0m
[ 93%] [32mBuilding C object CMakeFiles/px4_interface__rosidl_generator_py.dir/rosidl_generator_py/px4_interface/msg/_mission_status_s.c.o[0m
[ 94%] [32m[1mLinking C shared library rosidl_generator_py/px4_interface/libpx4_interface__rosidl_generator_py.so[0m
[ 94%] Built target px4_interface__rosidl_generator_py
[ 95%] [32mBuilding C object CMakeFiles/px4_interface__rosidl_typesupport_c__pyext.dir/rosidl_generator_py/px4_interface/_px4_interface_s.ep.rosidl_typesupport_c.c.o[0m
[ 96%] [32mBuilding C object CMakeFiles/px4_interface__rosidl_typesupport_introspection_c__pyext.dir/rosidl_generator_py/px4_interface/_px4_interface_s.ep.rosidl_typesupport_introspection_c.c.o[0m
[ 97%] [32mBuilding C object CMakeFiles/px4_interface__rosidl_typesupport_fastrtps_c__pyext.dir/rosidl_generator_py/px4_interface/_px4_interface_s.ep.rosidl_typesupport_fastrtps_c.c.o[0m
[ 98%] [32m[1mLinking C shared library rosidl_generator_py/px4_interface/px4_interface_s__rosidl_typesupport_c.cpython-310-x86_64-linux-gnu.so[0m
[ 99%] [32m[1mLinking C shared library rosidl_generator_py/px4_interface/px4_interface_s__rosidl_typesupport_introspection_c.cpython-310-x86_64-linux-gnu.so[0m
[100%] [32m[1mLinking C shared library rosidl_generator_py/px4_interface/px4_interface_s__rosidl_typesupport_fastrtps_c.cpython-310-x86_64-linux-gnu.so[0m
[100%] Built target px4_interface__rosidl_typesupport_c__pyext
[100%] Built target px4_interface__rosidl_typesupport_introspection_c__pyext
[100%] Built target px4_interface__rosidl_typesupport_fastrtps_c__pyext
-- Install configuration: ""
-- Installing: /home/lim/ros2_px4_ws/install/px4_interface/share/ament_index/resource_index/rosidl_interfaces/px4_interface
-- Installing: /home/lim/ros2_px4_ws/install/px4_interface/include/px4_interface/px4_interface
-- Installing: /home/lim/ros2_px4_ws/install/px4_interface/include/px4_interface/px4_interface/msg
-- Installing: /home/lim/ros2_px4_ws/install/px4_interface/include/px4_interface/px4_interface/msg/instance_event.h
-- Installing: /home/lim/ros2_px4_ws/install/px4_interface/include/px4_interface/px4_interface/msg/px4_status.h
-- Installing: /home/lim/ros2_px4_ws/install/px4_interface/include/px4_interface/px4_interface/msg/mission_waypoint.h
-- Installing: /home/lim/ros2_px4_ws/install/px4_interface/include/px4_interface/px4_interface/msg/mission_status.h
-- Installing: /home/lim/ros2_px4_ws/install/px4_interface/include/px4_interface/px4_interface/msg/instance_list.h
-- Installing: /home/lim/ros2_px4_ws/install/px4_interface/include/px4_interface/px4_interface/msg/detail
-- Installing: /home/lim/ros2_px4_ws/install/px4_interface/include/px4_interface/px4_interface/msg/detail/instance_list__type_support.h
-- Installing: /home/lim/ros2_px4_ws/install/px4_interface/include/px4_interface/px4_interface/msg/detail/ui_status__type_support.h
-- Installing: /home/lim/ros2_px4_ws/install/px4_interface/include/px4_interface/px4_interface/msg/detail/mission_plan__struct.h
-- Installing: /home/lim/ros2_px4_ws/install/px4_interface/include/px4_interface/px4_interface/msg/detail/instance_event__struct.h
-- Installing: /home/lim/ros2_px4_ws/install/px4_interface/include/px4_interface/px4_interface/msg/detail/px4_status__functions.c
-- Installing: /home/lim/ros2_px4_ws/install/px4_interface/include/px4_interface/px4_interface/msg/detail/mission_plan__functions.h
-- Installing: /home/lim/ros2_px4_ws/install/px4_interface/include/px4_interface/px4_interface/msg/detail/mission_plan_for_drone__functions.c
-- Installing: /home/lim/ros2_px4_ws/install/px4_interface/include/px4_interface/px4_interface/msg/detail/mission_status__struct.h
-- Installing: /home/lim/ros2_px4_ws/install/px4_interface/include/px4_interface/px4_interface/msg/detail/instance_event__functions.h
-- Installing: /home/lim/ros2_px4_ws/install/px4_interface/include/px4_interface/px4_interface/msg/detail/mission_status__functions.c
-- Installing: /home/lim/ros2_px4_ws/install/px4_interface/include/px4_interface/px4_interface/msg/detail/px4_status__functions.h
-- Installing: /home/lim/ros2_px4_ws/install/px4_interface/include/px4_interface/px4_interface/msg/detail/ui_status__struct.h
-- Installing: /home/lim/ros2_px4_ws/install/px4_interface/include/px4_interface/px4_interface/msg/detail/mission_waypoint__type_support.h
-- Installing: /home/lim/ros2_px4_ws/install/px4_interface/include/px4_interface/px4_interface/msg/detail/ui_status__functions.c
-- Installing: /home/lim/ros2_px4_ws/install/px4_interface/include/px4_interface/px4_interface/msg/detail/gyro_control__functions.h
-- Installing: /home/lim/ros2_px4_ws/install/px4_interface/include/px4_interface/px4_interface/msg/detail/instance_list__struct.h
-- Installing: /home/lim/ros2_px4_ws/install/px4_interface/include/px4_interface/px4_interface/msg/detail/instance_event__functions.c
-- Installing: /home/lim/ros2_px4_ws/install/px4_interface/include/px4_interface/px4_interface/msg/detail/mission_command__functions.c
-- Installing: /home/lim/ros2_px4_ws/install/px4_interface/include/px4_interface/px4_interface/msg/detail/mission_command__functions.h
-- Installing: /home/lim/ros2_px4_ws/install/px4_interface/include/px4_interface/px4_interface/msg/detail/mission_command__type_support.h
-- Installing: /home/lim/ros2_px4_ws/install/px4_interface/include/px4_interface/px4_interface/msg/detail/instance_list__functions.c
-- Installing: /home/lim/ros2_px4_ws/install/px4_interface/include/px4_interface/px4_interface/msg/detail/instance_list__functions.h
-- Installing: /home/lim/ros2_px4_ws/install/px4_interface/include/px4_interface/px4_interface/msg/detail/mission_plan__functions.c
-- Installing: /home/lim/ros2_px4_ws/install/px4_interface/include/px4_interface/px4_interface/msg/detail/mission_waypoint__struct.h
-- Installing: /home/lim/ros2_px4_ws/install/px4_interface/include/px4_interface/px4_interface/msg/detail/px4_status__type_support.h
-- Installing: /home/lim/ros2_px4_ws/install/px4_interface/include/px4_interface/px4_interface/msg/detail/px4_status__struct.h
-- Installing: /home/lim/ros2_px4_ws/install/px4_interface/include/px4_interface/px4_interface/msg/detail/mission_plan_for_drone__type_support.h
-- Installing: /home/lim/ros2_px4_ws/install/px4_interface/include/px4_interface/px4_interface/msg/detail/gyro_control__functions.c
-- Installing: /home/lim/ros2_px4_ws/install/px4_interface/include/px4_interface/px4_interface/msg/detail/ui_status__functions.h
-- Installing: /home/lim/ros2_px4_ws/install/px4_interface/include/px4_interface/px4_interface/msg/detail/mission_waypoint__functions.c
-- Installing: /home/lim/ros2_px4_ws/install/px4_interface/include/px4_interface/px4_interface/msg/detail/mission_command__struct.h
-- Installing: /home/lim/ros2_px4_ws/install/px4_interface/include/px4_interface/px4_interface/msg/detail/mission_status__type_support.h
-- Installing: /home/lim/ros2_px4_ws/install/px4_interface/include/px4_interface/px4_interface/msg/detail/mission_plan__type_support.h
-- Installing: /home/lim/ros2_px4_ws/install/px4_interface/include/px4_interface/px4_interface/msg/detail/gyro_control__struct.h
-- Installing: /home/lim/ros2_px4_ws/install/px4_interface/include/px4_interface/px4_interface/msg/detail/gyro_control__type_support.h
-- Installing: /home/lim/ros2_px4_ws/install/px4_interface/include/px4_interface/px4_interface/msg/detail/mission_plan_for_drone__struct.h
-- Installing: /home/lim/ros2_px4_ws/install/px4_interface/include/px4_interface/px4_interface/msg/detail/mission_status__functions.h
-- Installing: /home/lim/ros2_px4_ws/install/px4_interface/include/px4_interface/px4_interface/msg/detail/mission_waypoint__functions.h
-- Installing: /home/lim/ros2_px4_ws/install/px4_interface/include/px4_interface/px4_interface/msg/detail/instance_event__type_support.h
-- Installing: /home/lim/ros2_px4_ws/install/px4_interface/include/px4_interface/px4_interface/msg/detail/mission_plan_for_drone__functions.h
-- Installing: /home/lim/ros2_px4_ws/install/px4_interface/include/px4_interface/px4_interface/msg/gyro_control.h
-- Installing: /home/lim/ros2_px4_ws/install/px4_interface/include/px4_interface/px4_interface/msg/mission_plan_for_drone.h
-- Installing: /home/lim/ros2_px4_ws/install/px4_interface/include/px4_interface/px4_interface/msg/ui_status.h
-- Installing: /home/lim/ros2_px4_ws/install/px4_interface/include/px4_interface/px4_interface/msg/rosidl_generator_c__visibility_control.h
-- Installing: /home/lim/ros2_px4_ws/install/px4_interface/include/px4_interface/px4_interface/msg/mission_command.h
-- Installing: /home/lim/ros2_px4_ws/install/px4_interface/include/px4_interface/px4_interface/msg/mission_plan.h
-- Installing: /home/lim/ros2_px4_ws/install/px4_interface/share/px4_interface/environment/library_path.sh
-- Installing: /home/lim/ros2_px4_ws/install/px4_interface/share/px4_interface/environment/library_path.dsv
-- Installing: /home/lim/ros2_px4_ws/install/px4_interface/lib/libpx4_interface__rosidl_generator_c.so
-- Set runtime path of "/home/lim/ros2_px4_ws/install/px4_interface/lib/libpx4_interface__rosidl_generator_c.so" to ""
-- Up-to-date: /home/lim/ros2_px4_ws/install/px4_interface/include/px4_interface/px4_interface
-- Up-to-date: /home/lim/ros2_px4_ws/install/px4_interface/include/px4_interface/px4_interface/msg
-- Up-to-date: /home/lim/ros2_px4_ws/install/px4_interface/include/px4_interface/px4_interface/msg/detail
-- Installing: /home/lim/ros2_px4_ws/install/px4_interface/include/px4_interface/px4_interface/msg/detail/px4_status__rosidl_typesupport_fastrtps_c.h
-- Installing: /home/lim/ros2_px4_ws/install/px4_interface/include/px4_interface/px4_interface/msg/detail/gyro_control__rosidl_typesupport_fastrtps_c.h
-- Installing: /home/lim/ros2_px4_ws/install/px4_interface/include/px4_interface/px4_interface/msg/detail/mission_waypoint__rosidl_typesupport_fastrtps_c.h
-- Installing: /home/lim/ros2_px4_ws/install/px4_interface/include/px4_interface/px4_interface/msg/detail/instance_event__rosidl_typesupport_fastrtps_c.h
-- Installing: /home/lim/ros2_px4_ws/install/px4_interface/include/px4_interface/px4_interface/msg/detail/instance_list__rosidl_typesupport_fastrtps_c.h
-- Installing: /home/lim/ros2_px4_ws/install/px4_interface/include/px4_interface/px4_interface/msg/detail/mission_plan__rosidl_typesupport_fastrtps_c.h
-- Installing: /home/lim/ros2_px4_ws/install/px4_interface/include/px4_interface/px4_interface/msg/detail/mission_command__rosidl_typesupport_fastrtps_c.h
-- Installing: /home/lim/ros2_px4_ws/install/px4_interface/include/px4_interface/px4_interface/msg/detail/ui_status__rosidl_typesupport_fastrtps_c.h
-- Installing: /home/lim/ros2_px4_ws/install/px4_interface/include/px4_interface/px4_interface/msg/detail/mission_plan_for_drone__rosidl_typesupport_fastrtps_c.h
-- Installing: /home/lim/ros2_px4_ws/install/px4_interface/include/px4_interface/px4_interface/msg/detail/mission_status__rosidl_typesupport_fastrtps_c.h
-- Installing: /home/lim/ros2_px4_ws/install/px4_interface/include/px4_interface/px4_interface/msg/rosidl_typesupport_fastrtps_c__visibility_control.h
-- Installing: /home/lim/ros2_px4_ws/install/px4_interface/lib/libpx4_interface__rosidl_typesupport_fastrtps_c.so
-- Set runtime path of "/home/lim/ros2_px4_ws/install/px4_interface/lib/libpx4_interface__rosidl_typesupport_fastrtps_c.so" to ""
-- Up-to-date: /home/lim/ros2_px4_ws/install/px4_interface/include/px4_interface/px4_interface
-- Up-to-date: /home/lim/ros2_px4_ws/install/px4_interface/include/px4_interface/px4_interface/msg
-- Installing: /home/lim/ros2_px4_ws/install/px4_interface/include/px4_interface/px4_interface/msg/rosidl_typesupport_introspection_c__visibility_control.h
-- Up-to-date: /home/lim/ros2_px4_ws/install/px4_interface/include/px4_interface/px4_interface/msg/detail
-- Installing: /home/lim/ros2_px4_ws/install/px4_interface/include/px4_interface/px4_interface/msg/detail/mission_plan_for_drone__type_support.c
-- Installing: /home/lim/ros2_px4_ws/install/px4_interface/include/px4_interface/px4_interface/msg/detail/ui_status__rosidl_typesupport_introspection_c.h
-- Installing: /home/lim/ros2_px4_ws/install/px4_interface/include/px4_interface/px4_interface/msg/detail/gyro_control__type_support.c
-- Installing: /home/lim/ros2_px4_ws/install/px4_interface/include/px4_interface/px4_interface/msg/detail/mission_status__rosidl_typesupport_introspection_c.h
-- Installing: /home/lim/ros2_px4_ws/install/px4_interface/include/px4_interface/px4_interface/msg/detail/ui_status__type_support.c
-- Installing: /home/lim/ros2_px4_ws/install/px4_interface/include/px4_interface/px4_interface/msg/detail/mission_waypoint__type_support.c
-- Installing: /home/lim/ros2_px4_ws/install/px4_interface/include/px4_interface/px4_interface/msg/detail/mission_plan__rosidl_typesupport_introspection_c.h
-- Installing: /home/lim/ros2_px4_ws/install/px4_interface/include/px4_interface/px4_interface/msg/detail/instance_list__type_support.c
-- Installing: /home/lim/ros2_px4_ws/install/px4_interface/include/px4_interface/px4_interface/msg/detail/mission_status__type_support.c
-- Installing: /home/lim/ros2_px4_ws/install/px4_interface/include/px4_interface/px4_interface/msg/detail/instance_event__rosidl_typesupport_introspection_c.h
-- Installing: /home/lim/ros2_px4_ws/install/px4_interface/include/px4_interface/px4_interface/msg/detail/mission_waypoint__rosidl_typesupport_introspection_c.h
-- Installing: /home/lim/ros2_px4_ws/install/px4_interface/include/px4_interface/px4_interface/msg/detail/mission_plan_for_drone__rosidl_typesupport_introspection_c.h
-- Installing: /home/lim/ros2_px4_ws/install/px4_interface/include/px4_interface/px4_interface/msg/detail/mission_command__rosidl_typesupport_introspection_c.h
-- Installing: /home/lim/ros2_px4_ws/install/px4_interface/include/px4_interface/px4_interface/msg/detail/px4_status__type_support.c
-- Installing: /home/lim/ros2_px4_ws/install/px4_interface/include/px4_interface/px4_interface/msg/detail/instance_list__rosidl_typesupport_introspection_c.h
-- Installing: /home/lim/ros2_px4_ws/install/px4_interface/include/px4_interface/px4_interface/msg/detail/mission_command__type_support.c
-- Installing: /home/lim/ros2_px4_ws/install/px4_interface/include/px4_interface/px4_interface/msg/detail/gyro_control__rosidl_typesupport_introspection_c.h
-- Installing: /home/lim/ros2_px4_ws/install/px4_interface/include/px4_interface/px4_interface/msg/detail/instance_event__type_support.c
-- Installing: /home/lim/ros2_px4_ws/install/px4_interface/include/px4_interface/px4_interface/msg/detail/px4_status__rosidl_typesupport_introspection_c.h
-- Installing: /home/lim/ros2_px4_ws/install/px4_interface/include/px4_interface/px4_interface/msg/detail/mission_plan__type_support.c
-- Installing: /home/lim/ros2_px4_ws/install/px4_interface/lib/libpx4_interface__rosidl_typesupport_introspection_c.so
-- Set runtime path of "/home/lim/ros2_px4_ws/install/px4_interface/lib/libpx4_interface__rosidl_typesupport_introspection_c.so" to ""
-- Installing: /home/lim/ros2_px4_ws/install/px4_interface/lib/libpx4_interface__rosidl_typesupport_c.so
-- Set runtime path of "/home/lim/ros2_px4_ws/install/px4_interface/lib/libpx4_interface__rosidl_typesupport_c.so" to ""
-- Up-to-date: /home/lim/ros2_px4_ws/install/px4_interface/include/px4_interface/px4_interface
-- Up-to-date: /home/lim/ros2_px4_ws/install/px4_interface/include/px4_interface/px4_interface/msg
-- Installing: /home/lim/ros2_px4_ws/install/px4_interface/include/px4_interface/px4_interface/msg/instance_list.hpp
-- Up-to-date: /home/lim/ros2_px4_ws/install/px4_interface/include/px4_interface/px4_interface/msg/detail
-- Installing: /home/lim/ros2_px4_ws/install/px4_interface/include/px4_interface/px4_interface/msg/detail/mission_status__builder.hpp
-- Installing: /home/lim/ros2_px4_ws/install/px4_interface/include/px4_interface/px4_interface/msg/detail/instance_list__traits.hpp
-- Installing: /home/lim/ros2_px4_ws/install/px4_interface/include/px4_interface/px4_interface/msg/detail/instance_list__type_support.hpp
-- Installing: /home/lim/ros2_px4_ws/install/px4_interface/include/px4_interface/px4_interface/msg/detail/gyro_control__traits.hpp
-- Installing: /home/lim/ros2_px4_ws/install/px4_interface/include/px4_interface/px4_interface/msg/detail/mission_waypoint__builder.hpp
-- Installing: /home/lim/ros2_px4_ws/install/px4_interface/include/px4_interface/px4_interface/msg/detail/ui_status__builder.hpp
-- Installing: /home/lim/ros2_px4_ws/install/px4_interface/include/px4_interface/px4_interface/msg/detail/mission_plan_for_drone__struct.hpp
-- Installing: /home/lim/ros2_px4_ws/install/px4_interface/include/px4_interface/px4_interface/msg/detail/px4_status__type_support.hpp
-- Installing: /home/lim/ros2_px4_ws/install/px4_interface/include/px4_interface/px4_interface/msg/detail/mission_plan_for_drone__type_support.hpp
-- Installing: /home/lim/ros2_px4_ws/install/px4_interface/include/px4_interface/px4_interface/msg/detail/mission_command__builder.hpp
-- Installing: /home/lim/ros2_px4_ws/install/px4_interface/include/px4_interface/px4_interface/msg/detail/mission_status__struct.hpp
-- Installing: /home/lim/ros2_px4_ws/install/px4_interface/include/px4_interface/px4_interface/msg/detail/px4_status__struct.hpp
-- Installing: /home/lim/ros2_px4_ws/install/px4_interface/include/px4_interface/px4_interface/msg/detail/ui_status__struct.hpp
-- Installing: /home/lim/ros2_px4_ws/install/px4_interface/include/px4_interface/px4_interface/msg/detail/mission_command__struct.hpp
-- Installing: /home/lim/ros2_px4_ws/install/px4_interface/include/px4_interface/px4_interface/msg/detail/mission_plan__traits.hpp
-- Installing: /home/lim/ros2_px4_ws/install/px4_interface/include/px4_interface/px4_interface/msg/detail/mission_plan__builder.hpp
-- Installing: /home/lim/ros2_px4_ws/install/px4_interface/include/px4_interface/px4_interface/msg/detail/mission_command__traits.hpp
-- Installing: /home/lim/ros2_px4_ws/install/px4_interface/include/px4_interface/px4_interface/msg/detail/instance_event__builder.hpp
-- Installing: /home/lim/ros2_px4_ws/install/px4_interface/include/px4_interface/px4_interface/msg/detail/instance_event__type_support.hpp
-- Installing: /home/lim/ros2_px4_ws/install/px4_interface/include/px4_interface/px4_interface/msg/detail/mission_status__traits.hpp
-- Installing: /home/lim/ros2_px4_ws/install/px4_interface/include/px4_interface/px4_interface/msg/detail/px4_status__builder.hpp
-- Installing: /home/lim/ros2_px4_ws/install/px4_interface/include/px4_interface/px4_interface/msg/detail/instance_event__struct.hpp
-- Installing: /home/lim/ros2_px4_ws/install/px4_interface/include/px4_interface/px4_interface/msg/detail/ui_status__type_support.hpp
-- Installing: /home/lim/ros2_px4_ws/install/px4_interface/include/px4_interface/px4_interface/msg/detail/gyro_control__struct.hpp
-- Installing: /home/lim/ros2_px4_ws/install/px4_interface/include/px4_interface/px4_interface/msg/detail/mission_status__type_support.hpp
-- Installing: /home/lim/ros2_px4_ws/install/px4_interface/include/px4_interface/px4_interface/msg/detail/instance_event__traits.hpp
-- Installing: /home/lim/ros2_px4_ws/install/px4_interface/include/px4_interface/px4_interface/msg/detail/instance_list__struct.hpp
-- Installing: /home/lim/ros2_px4_ws/install/px4_interface/include/px4_interface/px4_interface/msg/detail/mission_command__type_support.hpp
-- Installing: /home/lim/ros2_px4_ws/install/px4_interface/include/px4_interface/px4_interface/msg/detail/ui_status__traits.hpp
-- Installing: /home/lim/ros2_px4_ws/install/px4_interface/include/px4_interface/px4_interface/msg/detail/mission_plan__struct.hpp
-- Installing: /home/lim/ros2_px4_ws/install/px4_interface/include/px4_interface/px4_interface/msg/detail/mission_waypoint__struct.hpp
-- Installing: /home/lim/ros2_px4_ws/install/px4_interface/include/px4_interface/px4_interface/msg/detail/instance_list__builder.hpp
-- Installing: /home/lim/ros2_px4_ws/install/px4_interface/include/px4_interface/px4_interface/msg/detail/mission_waypoint__traits.hpp
-- Installing: /home/lim/ros2_px4_ws/install/px4_interface/include/px4_interface/px4_interface/msg/detail/px4_status__traits.hpp
-- Installing: /home/lim/ros2_px4_ws/install/px4_interface/include/px4_interface/px4_interface/msg/detail/gyro_control__type_support.hpp
-- Installing: /home/lim/ros2_px4_ws/install/px4_interface/include/px4_interface/px4_interface/msg/detail/mission_waypoint__type_support.hpp
-- Installing: /home/lim/ros2_px4_ws/install/px4_interface/include/px4_interface/px4_interface/msg/detail/mission_plan_for_drone__traits.hpp
-- Installing: /home/lim/ros2_px4_ws/install/px4_interface/include/px4_interface/px4_interface/msg/detail/gyro_control__builder.hpp
-- Installing: /home/lim/ros2_px4_ws/install/px4_interface/include/px4_interface/px4_interface/msg/detail/mission_plan_for_drone__builder.hpp
-- Installing: /home/lim/ros2_px4_ws/install/px4_interface/include/px4_interface/px4_interface/msg/detail/mission_plan__type_support.hpp
-- Installing: /home/lim/ros2_px4_ws/install/px4_interface/include/px4_interface/px4_interface/msg/gyro_control.hpp
-- Installing: /home/lim/ros2_px4_ws/install/px4_interface/include/px4_interface/px4_interface/msg/ui_status.hpp
-- Installing: /home/lim/ros2_px4_ws/install/px4_interface/include/px4_interface/px4_interface/msg/px4_status.hpp
-- Installing: /home/lim/ros2_px4_ws/install/px4_interface/include/px4_interface/px4_interface/msg/mission_waypoint.hpp
-- Installing: /home/lim/ros2_px4_ws/install/px4_interface/include/px4_interface/px4_interface/msg/mission_command.hpp
-- Installing: /home/lim/ros2_px4_ws/install/px4_interface/include/px4_interface/px4_interface/msg/mission_status.hpp
-- Installing: /home/lim/ros2_px4_ws/install/px4_interface/include/px4_interface/px4_interface/msg/instance_event.hpp
-- Installing: /home/lim/ros2_px4_ws/install/px4_interface/include/px4_interface/px4_interface/msg/mission_plan_for_drone.hpp
-- Installing: /home/lim/ros2_px4_ws/install/px4_interface/include/px4_interface/px4_interface/msg/rosidl_generator_cpp__visibility_control.hpp
-- Installing: /home/lim/ros2_px4_ws/install/px4_interface/include/px4_interface/px4_interface/msg/mission_plan.hpp
-- Up-to-date: /home/lim/ros2_px4_ws/install/px4_interface/include/px4_interface/px4_interface
-- Up-to-date: /home/lim/ros2_px4_ws/install/px4_interface/include/px4_interface/px4_interface/msg
-- Up-to-date: /home/lim/ros2_px4_ws/install/px4_interface/include/px4_interface/px4_interface/msg/detail
-- Installing: /home/lim/ros2_px4_ws/install/px4_interface/include/px4_interface/px4_interface/msg/detail/px4_status__rosidl_typesupport_fastrtps_cpp.hpp
-- Installing: /home/lim/ros2_px4_ws/install/px4_interface/include/px4_interface/px4_interface/msg/detail/instance_list__rosidl_typesupport_fastrtps_cpp.hpp
-- Installing: /home/lim/ros2_px4_ws/install/px4_interface/include/px4_interface/px4_interface/msg/detail/mission_plan__rosidl_typesupport_fastrtps_cpp.hpp
-- Installing: /home/lim/ros2_px4_ws/install/px4_interface/include/px4_interface/px4_interface/msg/detail/dds_fastrtps
-- Installing: /home/lim/ros2_px4_ws/install/px4_interface/include/px4_interface/px4_interface/msg/detail/mission_status__rosidl_typesupport_fastrtps_cpp.hpp
-- Installing: /home/lim/ros2_px4_ws/install/px4_interface/include/px4_interface/px4_interface/msg/detail/mission_plan_for_drone__rosidl_typesupport_fastrtps_cpp.hpp
-- Installing: /home/lim/ros2_px4_ws/install/px4_interface/include/px4_interface/px4_interface/msg/detail/mission_waypoint__rosidl_typesupport_fastrtps_cpp.hpp
-- Installing: /home/lim/ros2_px4_ws/install/px4_interface/include/px4_interface/px4_interface/msg/detail/gyro_control__rosidl_typesupport_fastrtps_cpp.hpp
-- Installing: /home/lim/ros2_px4_ws/install/px4_interface/include/px4_interface/px4_interface/msg/detail/ui_status__rosidl_typesupport_fastrtps_cpp.hpp
-- Installing: /home/lim/ros2_px4_ws/install/px4_interface/include/px4_interface/px4_interface/msg/detail/mission_command__rosidl_typesupport_fastrtps_cpp.hpp
-- Installing: /home/lim/ros2_px4_ws/install/px4_interface/include/px4_interface/px4_interface/msg/detail/instance_event__rosidl_typesupport_fastrtps_cpp.hpp
-- Installing: /home/lim/ros2_px4_ws/install/px4_interface/include/px4_interface/px4_interface/msg/rosidl_typesupport_fastrtps_cpp__visibility_control.h
-- Installing: /home/lim/ros2_px4_ws/install/px4_interface/lib/libpx4_interface__rosidl_typesupport_fastrtps_cpp.so
-- Set runtime path of "/home/lim/ros2_px4_ws/install/px4_interface/lib/libpx4_interface__rosidl_typesupport_fastrtps_cpp.so" to ""
-- Up-to-date: /home/lim/ros2_px4_ws/install/px4_interface/include/px4_interface/px4_interface
-- Up-to-date: /home/lim/ros2_px4_ws/install/px4_interface/include/px4_interface/px4_interface/msg
-- Up-to-date: /home/lim/ros2_px4_ws/install/px4_interface/include/px4_interface/px4_interface/msg/detail
-- Installing: /home/lim/ros2_px4_ws/install/px4_interface/include/px4_interface/px4_interface/msg/detail/mission_plan__rosidl_typesupport_introspection_cpp.hpp
-- Installing: /home/lim/ros2_px4_ws/install/px4_interface/include/px4_interface/px4_interface/msg/detail/px4_status__rosidl_typesupport_introspection_cpp.hpp
-- Installing: /home/lim/ros2_px4_ws/install/px4_interface/include/px4_interface/px4_interface/msg/detail/instance_event__rosidl_typesupport_introspection_cpp.hpp
-- Installing: /home/lim/ros2_px4_ws/install/px4_interface/include/px4_interface/px4_interface/msg/detail/gyro_control__type_support.cpp
-- Installing: /home/lim/ros2_px4_ws/install/px4_interface/include/px4_interface/px4_interface/msg/detail/px4_status__type_support.cpp
-- Installing: /home/lim/ros2_px4_ws/install/px4_interface/include/px4_interface/px4_interface/msg/detail/mission_plan_for_drone__rosidl_typesupport_introspection_cpp.hpp
-- Installing: /home/lim/ros2_px4_ws/install/px4_interface/include/px4_interface/px4_interface/msg/detail/ui_status__rosidl_typesupport_introspection_cpp.hpp
-- Installing: /home/lim/ros2_px4_ws/install/px4_interface/include/px4_interface/px4_interface/msg/detail/instance_event__type_support.cpp
-- Installing: /home/lim/ros2_px4_ws/install/px4_interface/include/px4_interface/px4_interface/msg/detail/mission_status__rosidl_typesupport_introspection_cpp.hpp
-- Installing: /home/lim/ros2_px4_ws/install/px4_interface/include/px4_interface/px4_interface/msg/detail/mission_plan__type_support.cpp
-- Installing: /home/lim/ros2_px4_ws/install/px4_interface/include/px4_interface/px4_interface/msg/detail/mission_command__type_support.cpp
-- Installing: /home/lim/ros2_px4_ws/install/px4_interface/include/px4_interface/px4_interface/msg/detail/gyro_control__rosidl_typesupport_introspection_cpp.hpp
-- Installing: /home/lim/ros2_px4_ws/install/px4_interface/include/px4_interface/px4_interface/msg/detail/mission_command__rosidl_typesupport_introspection_cpp.hpp
-- Installing: /home/lim/ros2_px4_ws/install/px4_interface/include/px4_interface/px4_interface/msg/detail/mission_plan_for_drone__type_support.cpp
-- Installing: /home/lim/ros2_px4_ws/install/px4_interface/include/px4_interface/px4_interface/msg/detail/instance_list__type_support.cpp
-- Installing: /home/lim/ros2_px4_ws/install/px4_interface/include/px4_interface/px4_interface/msg/detail/mission_waypoint__rosidl_typesupport_introspection_cpp.hpp
-- Installing: /home/lim/ros2_px4_ws/install/px4_interface/include/px4_interface/px4_interface/msg/detail/instance_list__rosidl_typesupport_introspection_cpp.hpp
-- Installing: /home/lim/ros2_px4_ws/install/px4_interface/include/px4_interface/px4_interface/msg/detail/mission_status__type_support.cpp
-- Installing: /home/lim/ros2_px4_ws/install/px4_interface/include/px4_interface/px4_interface/msg/detail/mission_waypoint__type_support.cpp
-- Installing: /home/lim/ros2_px4_ws/install/px4_interface/include/px4_interface/px4_interface/msg/detail/ui_status__type_support.cpp
-- Installing: /home/lim/ros2_px4_ws/install/px4_interface/lib/libpx4_interface__rosidl_typesupport_introspection_cpp.so
-- Set runtime path of "/home/lim/ros2_px4_ws/install/px4_interface/lib/libpx4_interface__rosidl_typesupport_introspection_cpp.so" to ""
-- Installing: /home/lim/ros2_px4_ws/install/px4_interface/lib/libpx4_interface__rosidl_typesupport_cpp.so
-- Set runtime path of "/home/lim/ros2_px4_ws/install/px4_interface/lib/libpx4_interface__rosidl_typesupport_cpp.so" to ""
-- Installing: /home/lim/ros2_px4_ws/install/px4_interface/share/px4_interface/environment/pythonpath.sh
-- Installing: /home/lim/ros2_px4_ws/install/px4_interface/share/px4_interface/environment/pythonpath.dsv
-- Installing: /home/lim/ros2_px4_ws/install/px4_interface/local/lib/python3.10/dist-packages/px4_interface-0.0.0-py3.10.egg-info
-- Installing: /home/lim/ros2_px4_ws/install/px4_interface/local/lib/python3.10/dist-packages/px4_interface-0.0.0-py3.10.egg-info/PKG-INFO
-- Installing: /home/lim/ros2_px4_ws/install/px4_interface/local/lib/python3.10/dist-packages/px4_interface-0.0.0-py3.10.egg-info/SOURCES.txt
-- Installing: /home/lim/ros2_px4_ws/install/px4_interface/local/lib/python3.10/dist-packages/px4_interface-0.0.0-py3.10.egg-info/dependency_links.txt
-- Installing: /home/lim/ros2_px4_ws/install/px4_interface/local/lib/python3.10/dist-packages/px4_interface-0.0.0-py3.10.egg-info/top_level.txt
-- Installing: /home/lim/ros2_px4_ws/install/px4_interface/local/lib/python3.10/dist-packages/px4_interface
-- Installing: /home/lim/ros2_px4_ws/install/px4_interface/local/lib/python3.10/dist-packages/px4_interface/px4_interface_s__rosidl_typesupport_fastrtps_c.cpython-310-x86_64-linux-gnu.so
-- Installing: /home/lim/ros2_px4_ws/install/px4_interface/local/lib/python3.10/dist-packages/px4_interface/px4_interface_s__rosidl_typesupport_c.cpython-310-x86_64-linux-gnu.so
-- Installing: /home/lim/ros2_px4_ws/install/px4_interface/local/lib/python3.10/dist-packages/px4_interface/libpx4_interface__rosidl_generator_py.so
-- Installing: /home/lim/ros2_px4_ws/install/px4_interface/local/lib/python3.10/dist-packages/px4_interface/_px4_interface_s.ep.rosidl_typesupport_fastrtps_c.c
-- Installing: /home/lim/ros2_px4_ws/install/px4_interface/local/lib/python3.10/dist-packages/px4_interface/__init__.py
-- Installing: /home/lim/ros2_px4_ws/install/px4_interface/local/lib/python3.10/dist-packages/px4_interface/_px4_interface_s.ep.rosidl_typesupport_c.c
-- Installing: /home/lim/ros2_px4_ws/install/px4_interface/local/lib/python3.10/dist-packages/px4_interface/px4_interface_s__rosidl_typesupport_introspection_c.cpython-310-x86_64-linux-gnu.so
-- Installing: /home/lim/ros2_px4_ws/install/px4_interface/local/lib/python3.10/dist-packages/px4_interface/msg
-- Installing: /home/lim/ros2_px4_ws/install/px4_interface/local/lib/python3.10/dist-packages/px4_interface/msg/_instance_event_s.c
-- Installing: /home/lim/ros2_px4_ws/install/px4_interface/local/lib/python3.10/dist-packages/px4_interface/msg/_mission_command.py
-- Installing: /home/lim/ros2_px4_ws/install/px4_interface/local/lib/python3.10/dist-packages/px4_interface/msg/_mission_plan_s.c
-- Installing: /home/lim/ros2_px4_ws/install/px4_interface/local/lib/python3.10/dist-packages/px4_interface/msg/_mission_waypoint.py
-- Installing: /home/lim/ros2_px4_ws/install/px4_interface/local/lib/python3.10/dist-packages/px4_interface/msg/_ui_status.py
-- Installing: /home/lim/ros2_px4_ws/install/px4_interface/local/lib/python3.10/dist-packages/px4_interface/msg/_mission_command_s.c
-- Installing: /home/lim/ros2_px4_ws/install/px4_interface/local/lib/python3.10/dist-packages/px4_interface/msg/_mission_waypoint_s.c
-- Installing: /home/lim/ros2_px4_ws/install/px4_interface/local/lib/python3.10/dist-packages/px4_interface/msg/_instance_event.py
-- Installing: /home/lim/ros2_px4_ws/install/px4_interface/local/lib/python3.10/dist-packages/px4_interface/msg/__init__.py
-- Installing: /home/lim/ros2_px4_ws/install/px4_interface/local/lib/python3.10/dist-packages/px4_interface/msg/_mission_plan_for_drone_s.c
-- Installing: /home/lim/ros2_px4_ws/install/px4_interface/local/lib/python3.10/dist-packages/px4_interface/msg/_mission_plan_for_drone.py
-- Installing: /home/lim/ros2_px4_ws/install/px4_interface/local/lib/python3.10/dist-packages/px4_interface/msg/_mission_plan.py
-- Installing: /home/lim/ros2_px4_ws/install/px4_interface/local/lib/python3.10/dist-packages/px4_interface/msg/_gyro_control_s.c
-- Installing: /home/lim/ros2_px4_ws/install/px4_interface/local/lib/python3.10/dist-packages/px4_interface/msg/_mission_status.py
-- Installing: /home/lim/ros2_px4_ws/install/px4_interface/local/lib/python3.10/dist-packages/px4_interface/msg/_ui_status_s.c
-- Installing: /home/lim/ros2_px4_ws/install/px4_interface/local/lib/python3.10/dist-packages/px4_interface/msg/_gyro_control.py
-- Installing: /home/lim/ros2_px4_ws/install/px4_interface/local/lib/python3.10/dist-packages/px4_interface/msg/_px4_status.py
-- Installing: /home/lim/ros2_px4_ws/install/px4_interface/local/lib/python3.10/dist-packages/px4_interface/msg/_instance_list_s.c
-- Installing: /home/lim/ros2_px4_ws/install/px4_interface/local/lib/python3.10/dist-packages/px4_interface/msg/_px4_status_s.c
-- Installing: /home/lim/ros2_px4_ws/install/px4_interface/local/lib/python3.10/dist-packages/px4_interface/msg/_instance_list.py
-- Installing: /home/lim/ros2_px4_ws/install/px4_interface/local/lib/python3.10/dist-packages/px4_interface/msg/_mission_status_s.c
-- Installing: /home/lim/ros2_px4_ws/install/px4_interface/local/lib/python3.10/dist-packages/px4_interface/_px4_interface_s.ep.rosidl_typesupport_introspection_c.c
Listing '/home/lim/ros2_px4_ws/install/px4_interface/local/lib/python3.10/dist-packages/px4_interface'...
Compiling '/home/lim/ros2_px4_ws/install/px4_interface/local/lib/python3.10/dist-packages/px4_interface/__init__.py'...
Listing '/home/lim/ros2_px4_ws/install/px4_interface/local/lib/python3.10/dist-packages/px4_interface/msg'...
Compiling '/home/lim/ros2_px4_ws/install/px4_interface/local/lib/python3.10/dist-packages/px4_interface/msg/__init__.py'...
Compiling '/home/lim/ros2_px4_ws/install/px4_interface/local/lib/python3.10/dist-packages/px4_interface/msg/_gyro_control.py'...
Compiling '/home/lim/ros2_px4_ws/install/px4_interface/local/lib/python3.10/dist-packages/px4_interface/msg/_instance_event.py'...
Compiling '/home/lim/ros2_px4_ws/install/px4_interface/local/lib/python3.10/dist-packages/px4_interface/msg/_instance_list.py'...
Compiling '/home/lim/ros2_px4_ws/install/px4_interface/local/lib/python3.10/dist-packages/px4_interface/msg/_mission_command.py'...
Compiling '/home/lim/ros2_px4_ws/install/px4_interface/local/lib/python3.10/dist-packages/px4_interface/msg/_mission_plan.py'...
Compiling '/home/lim/ros2_px4_ws/install/px4_interface/local/lib/python3.10/dist-packages/px4_interface/msg/_mission_plan_for_drone.py'...
Compiling '/home/lim/ros2_px4_ws/install/px4_interface/local/lib/python3.10/dist-packages/px4_interface/msg/_mission_status.py'...
Compiling '/home/lim/ros2_px4_ws/install/px4_interface/local/lib/python3.10/dist-packages/px4_interface/msg/_mission_waypoint.py'...
Compiling '/home/lim/ros2_px4_ws/install/px4_interface/local/lib/python3.10/dist-packages/px4_interface/msg/_px4_status.py'...
Compiling '/home/lim/ros2_px4_ws/install/px4_interface/local/lib/python3.10/dist-packages/px4_interface/msg/_ui_status.py'...
-- Installing: /home/lim/ros2_px4_ws/install/px4_interface/local/lib/python3.10/dist-packages/px4_interface/px4_interface_s__rosidl_typesupport_fastrtps_c.cpython-310-x86_64-linux-gnu.so
-- Set runtime path of "/home/lim/ros2_px4_ws/install/px4_interface/local/lib/python3.10/dist-packages/px4_interface/px4_interface_s__rosidl_typesupport_fastrtps_c.cpython-310-x86_64-linux-gnu.so" to ""
-- Installing: /home/lim/ros2_px4_ws/install/px4_interface/local/lib/python3.10/dist-packages/px4_interface/px4_interface_s__rosidl_typesupport_introspection_c.cpython-310-x86_64-linux-gnu.so
-- Set runtime path of "/home/lim/ros2_px4_ws/install/px4_interface/local/lib/python3.10/dist-packages/px4_interface/px4_interface_s__rosidl_typesupport_introspection_c.cpython-310-x86_64-linux-gnu.so" to ""
-- Installing: /home/lim/ros2_px4_ws/install/px4_interface/local/lib/python3.10/dist-packages/px4_interface/px4_interface_s__rosidl_typesupport_c.cpython-310-x86_64-linux-gnu.so
-- Set runtime path of "/home/lim/ros2_px4_ws/install/px4_interface/local/lib/python3.10/dist-packages/px4_interface/px4_interface_s__rosidl_typesupport_c.cpython-310-x86_64-linux-gnu.so" to ""
-- Installing: /home/lim/ros2_px4_ws/install/px4_interface/lib/libpx4_interface__rosidl_generator_py.so
-- Set runtime path of "/home/lim/ros2_px4_ws/install/px4_interface/lib/libpx4_interface__rosidl_generator_py.so" to ""
-- Installing: /home/lim/ros2_px4_ws/install/px4_interface/share/px4_interface/msg/PX4Status.idl
-- Installing: /home/lim/ros2_px4_ws/install/px4_interface/share/px4_interface/msg/InstanceEvent.idl
-- Installing: /home/lim/ros2_px4_ws/install/px4_interface/share/px4_interface/msg/InstanceList.idl
-- Installing: /home/lim/ros2_px4_ws/install/px4_interface/share/px4_interface/msg/UIStatus.idl
-- Installing: /home/lim/ros2_px4_ws/install/px4_interface/share/px4_interface/msg/MissionWaypoint.idl
-- Installing: /home/lim/ros2_px4_ws/install/px4_interface/share/px4_interface/msg/MissionPlan.idl
-- Installing: /home/lim/ros2_px4_ws/install/px4_interface/share/px4_interface/msg/MissionCommand.idl
-- Installing: /home/lim/ros2_px4_ws/install/px4_interface/share/px4_interface/msg/MissionPlanForDrone.idl
-- Installing: /home/lim/ros2_px4_ws/install/px4_interface/share/px4_interface/msg/MissionStatus.idl
-- Installing: /home/lim/ros2_px4_ws/install/px4_interface/share/px4_interface/msg/GyroControl.idl
-- Installing: /home/lim/ros2_px4_ws/install/px4_interface/share/px4_interface/msg/PX4Status.msg
-- Installing: /home/lim/ros2_px4_ws/install/px4_interface/share/px4_interface/msg/InstanceEvent.msg
-- Installing: /home/lim/ros2_px4_ws/install/px4_interface/share/px4_interface/msg/InstanceList.msg
-- Installing: /home/lim/ros2_px4_ws/install/px4_interface/share/px4_interface/msg/UIStatus.msg
-- Installing: /home/lim/ros2_px4_ws/install/px4_interface/share/px4_interface/msg/MissionWaypoint.msg
-- Installing: /home/lim/ros2_px4_ws/install/px4_interface/share/px4_interface/msg/MissionPlan.msg
-- Installing: /home/lim/ros2_px4_ws/install/px4_interface/share/px4_interface/msg/MissionCommand.msg
-- Installing: /home/lim/ros2_px4_ws/install/px4_interface/share/px4_interface/msg/MissionPlanForDrone.msg
-- Installing: /home/lim/ros2_px4_ws/install/px4_interface/share/px4_interface/msg/MissionStatus.msg
-- Installing: /home/lim/ros2_px4_ws/install/px4_interface/share/px4_interface/msg/GyroControl.msg
-- Installing: /home/lim/ros2_px4_ws/install/px4_interface/share/ament_index/resource_index/package_run_dependencies/px4_interface
-- Installing: /home/lim/ros2_px4_ws/install/px4_interface/share/ament_index/resource_index/parent_prefix_path/px4_interface
-- Installing: /home/lim/ros2_px4_ws/install/px4_interface/share/px4_interface/environment/ament_prefix_path.sh
-- Installing: /home/lim/ros2_px4_ws/install/px4_interface/share/px4_interface/environment/ament_prefix_path.dsv
-- Installing: /home/lim/ros2_px4_ws/install/px4_interface/share/px4_interface/environment/path.sh
-- Installing: /home/lim/ros2_px4_ws/install/px4_interface/share/px4_interface/environment/path.dsv
-- Installing: /home/lim/ros2_px4_ws/install/px4_interface/share/px4_interface/local_setup.bash
-- Installing: /home/lim/ros2_px4_ws/install/px4_interface/share/px4_interface/local_setup.sh
-- Installing: /home/lim/ros2_px4_ws/install/px4_interface/share/px4_interface/local_setup.zsh
-- Installing: /home/lim/ros2_px4_ws/install/px4_interface/share/px4_interface/local_setup.dsv
-- Installing: /home/lim/ros2_px4_ws/install/px4_interface/share/px4_interface/package.dsv
-- Installing: /home/lim/ros2_px4_ws/install/px4_interface/share/ament_index/resource_index/packages/px4_interface
-- Installing: /home/lim/ros2_px4_ws/install/px4_interface/share/px4_interface/cmake/export_px4_interface__rosidl_generator_cExport.cmake
-- Installing: /home/lim/ros2_px4_ws/install/px4_interface/share/px4_interface/cmake/export_px4_interface__rosidl_generator_cExport-noconfig.cmake
-- Installing: /home/lim/ros2_px4_ws/install/px4_interface/share/px4_interface/cmake/export_px4_interface__rosidl_typesupport_fastrtps_cExport.cmake
-- Installing: /home/lim/ros2_px4_ws/install/px4_interface/share/px4_interface/cmake/export_px4_interface__rosidl_typesupport_fastrtps_cExport-noconfig.cmake
-- Installing: /home/lim/ros2_px4_ws/install/px4_interface/share/px4_interface/cmake/px4_interface__rosidl_typesupport_introspection_cExport.cmake
-- Installing: /home/lim/ros2_px4_ws/install/px4_interface/share/px4_interface/cmake/px4_interface__rosidl_typesupport_introspection_cExport-noconfig.cmake
-- Installing: /home/lim/ros2_px4_ws/install/px4_interface/share/px4_interface/cmake/px4_interface__rosidl_typesupport_cExport.cmake
-- Installing: /home/lim/ros2_px4_ws/install/px4_interface/share/px4_interface/cmake/px4_interface__rosidl_typesupport_cExport-noconfig.cmake
-- Installing: /home/lim/ros2_px4_ws/install/px4_interface/share/px4_interface/cmake/export_px4_interface__rosidl_generator_cppExport.cmake
-- Installing: /home/lim/ros2_px4_ws/install/px4_interface/share/px4_interface/cmake/export_px4_interface__rosidl_typesupport_fastrtps_cppExport.cmake
-- Installing: /home/lim/ros2_px4_ws/install/px4_interface/share/px4_interface/cmake/export_px4_interface__rosidl_typesupport_fastrtps_cppExport-noconfig.cmake
-- Installing: /home/lim/ros2_px4_ws/install/px4_interface/share/px4_interface/cmake/px4_interface__rosidl_typesupport_introspection_cppExport.cmake
-- Installing: /home/lim/ros2_px4_ws/install/px4_interface/share/px4_interface/cmake/px4_interface__rosidl_typesupport_introspection_cppExport-noconfig.cmake
-- Installing: /home/lim/ros2_px4_ws/install/px4_interface/share/px4_interface/cmake/px4_interface__rosidl_typesupport_cppExport.cmake
-- Installing: /home/lim/ros2_px4_ws/install/px4_interface/share/px4_interface/cmake/px4_interface__rosidl_typesupport_cppExport-noconfig.cmake
-- Installing: /home/lim/ros2_px4_ws/install/px4_interface/share/px4_interface/cmake/export_px4_interface__rosidl_generator_pyExport.cmake
-- Installing: /home/lim/ros2_px4_ws/install/px4_interface/share/px4_interface/cmake/export_px4_interface__rosidl_generator_pyExport-noconfig.cmake
-- Installing: /home/lim/ros2_px4_ws/install/px4_interface/share/px4_interface/cmake/rosidl_cmake-extras.cmake
-- Installing: /home/lim/ros2_px4_ws/install/px4_interface/share/px4_interface/cmake/ament_cmake_export_include_directories-extras.cmake
-- Installing: /home/lim/ros2_px4_ws/install/px4_interface/share/px4_interface/cmake/ament_cmake_export_libraries-extras.cmake
-- Installing: /home/lim/ros2_px4_ws/install/px4_interface/share/px4_interface/cmake/ament_cmake_export_targets-extras.cmake
-- Installing: /home/lim/ros2_px4_ws/install/px4_interface/share/px4_interface/cmake/rosidl_cmake_export_typesupport_targets-extras.cmake
-- Installing: /home/lim/ros2_px4_ws/install/px4_interface/share/px4_interface/cmake/ament_cmake_export_dependencies-extras.cmake
-- Installing: /home/lim/ros2_px4_ws/install/px4_interface/share/px4_interface/cmake/rosidl_cmake_export_typesupport_libraries-extras.cmake
-- Installing: /home/lim/ros2_px4_ws/install/px4_interface/share/px4_interface/cmake/px4_interfaceConfig.cmake
-- Installing: /home/lim/ros2_px4_ws/install/px4_interface/share/px4_interface/cmake/px4_interfaceConfig-version.cmake
-- Installing: /home/lim/ros2_px4_ws/install/px4_interface/share/px4_interface/package.xml
