[0.006s] Invoking command in '/home/lim/ros2_px4_ws/build/px4_interface': CMAKE_PREFIX_PATH=${CMAKE_PREFIX_PATH}:/opt/ros/humble /usr/bin/cmake /home/lim/ros2_px4_ws/src/px4_interface -DCMAKE_INSTALL_PREFIX=/home/lim/ros2_px4_ws/install/px4_interface
[0.035s] -- The C compiler identification is GNU 11.4.0
[0.065s] -- The CXX compiler identification is GNU 11.4.0
[0.069s] -- Detecting C compiler ABI info
[0.107s] -- Detecting C compiler ABI info - done
[0.111s] -- Check for working C compiler: /usr/bin/cc - skipped
[0.111s] -- Detecting C compile features
[0.111s] -- Detecting C compile features - done
[0.113s] -- Detecting CXX compiler ABI info
[0.156s] -- Detecting CXX compiler ABI info - done
[0.159s] -- Check for working CXX compiler: /usr/bin/c++ - skipped
[0.159s] -- Detecting CXX compile features
[0.159s] -- Detecting CXX compile features - done
[0.160s] -- Found ament_cmake: 1.3.12 (/opt/ros/humble/share/ament_cmake/cmake)
[0.233s] -- Found Python3: /usr/bin/python3 (found version "3.10.12") found components: Interpreter 
[0.271s] -- Found rosidl_default_generators: 1.2.0 (/opt/ros/humble/share/rosidl_default_generators/cmake)
[0.272s] -- Using all available rosidl_typesupport_c: rosidl_typesupport_fastrtps_c;rosidl_typesupport_introspection_c
[0.275s] -- Found rosidl_adapter: 3.1.7 (/opt/ros/humble/share/rosidl_adapter/cmake)
[0.291s] -- Using all available rosidl_typesupport_cpp: rosidl_typesupport_fastrtps_cpp;rosidl_typesupport_introspection_cpp
[0.441s] -- Found ament_cmake_ros: 0.10.0 (/opt/ros/humble/share/ament_cmake_ros/cmake)
[0.527s] -- Using all available rosidl_typesupport_c: rosidl_typesupport_fastrtps_c;rosidl_typesupport_introspection_c
[0.638s] -- Using all available rosidl_typesupport_cpp: rosidl_typesupport_fastrtps_cpp;rosidl_typesupport_introspection_cpp
[0.649s] -- Found PythonInterp: /usr/bin/python3 (found suitable version "3.10.12", minimum required is "3.6") 
[0.650s] -- Found python_cmake_module: 0.10.0 (/opt/ros/humble/share/python_cmake_module/cmake)
[0.662s] -- Found PythonLibs: /usr/lib/x86_64-linux-gnu/libpython3.10.so (found suitable version "3.10.12", minimum required is "3.5") 
[0.662s] -- Using PYTHON_EXECUTABLE: /usr/bin/python3
[0.662s] -- Using PYTHON_INCLUDE_DIRS: /usr/include/python3.10
[0.662s] -- Using PYTHON_LIBRARIES: /usr/lib/x86_64-linux-gnu/libpython3.10.so
[0.672s] -- Found PythonExtra: .so  
[0.690s] -- Configuring done
[0.711s] -- Generating done
[0.717s] -- Build files have been written to: /home/lim/ros2_px4_ws/build/px4_interface
[0.720s] Invoked command in '/home/lim/ros2_px4_ws/build/px4_interface' returned '0': CMAKE_PREFIX_PATH=${CMAKE_PREFIX_PATH}:/opt/ros/humble /usr/bin/cmake /home/lim/ros2_px4_ws/src/px4_interface -DCMAKE_INSTALL_PREFIX=/home/lim/ros2_px4_ws/install/px4_interface
[0.722s] Invoking command in '/home/lim/ros2_px4_ws/build/px4_interface': CMAKE_PREFIX_PATH=${CMAKE_PREFIX_PATH}:/opt/ros/humble /usr/bin/cmake --build /home/lim/ros2_px4_ws/build/px4_interface -- -j24 -l24
[0.746s] [  1%] [34m[1mGenerating C code for ROS interfaces[0m
[0.750s] [  1%] [34m[1mGenerating C++ code for ROS interfaces[0m
[0.754s] [  1%] Built target ament_cmake_python_copy_px4_interface
[0.848s] running egg_info
[0.848s] creating px4_interface.egg-info
[0.848s] writing px4_interface.egg-info/PKG-INFO
[0.848s] writing dependency_links to px4_interface.egg-info/dependency_links.txt
[0.848s] writing top-level names to px4_interface.egg-info/top_level.txt
[0.848s] writing manifest file 'px4_interface.egg-info/SOURCES.txt'
[0.849s] reading manifest file 'px4_interface.egg-info/SOURCES.txt'
[0.849s] writing manifest file 'px4_interface.egg-info/SOURCES.txt'
[0.863s] [  1%] Built target ament_cmake_python_build_px4_interface_egg
[1.218s] [  2%] [32mBuilding C object CMakeFiles/px4_interface__rosidl_generator_c.dir/rosidl_generator_c/px4_interface/msg/detail/px4_status__functions.c.o[0m
[1.220s] [  3%] [32mBuilding C object CMakeFiles/px4_interface__rosidl_generator_c.dir/rosidl_generator_c/px4_interface/msg/detail/instance_event__functions.c.o[0m
[1.220s] [  5%] [32mBuilding C object CMakeFiles/px4_interface__rosidl_generator_c.dir/rosidl_generator_c/px4_interface/msg/detail/instance_list__functions.c.o[0m
[1.220s] [  6%] [32mBuilding C object CMakeFiles/px4_interface__rosidl_generator_c.dir/rosidl_generator_c/px4_interface/msg/detail/mission_waypoint__functions.c.o[0m
[1.221s] [  6%] [32mBuilding C object CMakeFiles/px4_interface__rosidl_generator_c.dir/rosidl_generator_c/px4_interface/msg/detail/ui_status__functions.c.o[0m
[1.221s] [  7%] [32mBuilding C object CMakeFiles/px4_interface__rosidl_generator_c.dir/rosidl_generator_c/px4_interface/msg/detail/mission_plan__functions.c.o[0m
[1.222s] [  8%] [32mBuilding C object CMakeFiles/px4_interface__rosidl_generator_c.dir/rosidl_generator_c/px4_interface/msg/detail/mission_plan_for_drone__functions.c.o[0m
[1.222s] [  9%] [32mBuilding C object CMakeFiles/px4_interface__rosidl_generator_c.dir/rosidl_generator_c/px4_interface/msg/detail/gyro_control__functions.c.o[0m
[1.222s] [ 10%] [32mBuilding C object CMakeFiles/px4_interface__rosidl_generator_c.dir/rosidl_generator_c/px4_interface/msg/detail/mission_command__functions.c.o[0m
[1.222s] [ 11%] [32mBuilding C object CMakeFiles/px4_interface__rosidl_generator_c.dir/rosidl_generator_c/px4_interface/msg/detail/mission_status__functions.c.o[0m
[1.233s] [ 11%] Built target px4_interface__cpp
[1.238s] [ 13%] [34m[1mGenerating C++ type support for eProsima Fast-RTPS[0m
[1.238s] [ 13%] [34m[1mGenerating C++ type support dispatch for ROS interfaces[0m
[1.239s] [ 14%] [34m[1mGenerating C++ introspection for ROS interfaces[0m
[1.256s] [ 15%] [32m[1mLinking C shared library libpx4_interface__rosidl_generator_c.so[0m
[1.276s] [ 15%] Built target px4_interface__rosidl_generator_c
[1.281s] [ 17%] [34m[1mGenerating C type support for eProsima Fast-RTPS[0m
[1.281s] [ 17%] [34m[1mGenerating C type support dispatch for ROS interfaces[0m
[1.282s] [ 18%] [34m[1mGenerating C introspection for ROS interfaces[0m
[1.619s] [ 19%] [32mBuilding CXX object CMakeFiles/px4_interface__rosidl_typesupport_cpp.dir/rosidl_typesupport_cpp/px4_interface/msg/instance_event__type_support.cpp.o[0m
[1.619s] [ 20%] [32mBuilding CXX object CMakeFiles/px4_interface__rosidl_typesupport_cpp.dir/rosidl_typesupport_cpp/px4_interface/msg/px4_status__type_support.cpp.o[0m
[1.619s] [ 21%] [32mBuilding CXX object CMakeFiles/px4_interface__rosidl_typesupport_cpp.dir/rosidl_typesupport_cpp/px4_interface/msg/mission_plan__type_support.cpp.o[0m
[1.619s] [ 22%] [32mBuilding CXX object CMakeFiles/px4_interface__rosidl_typesupport_cpp.dir/rosidl_typesupport_cpp/px4_interface/msg/ui_status__type_support.cpp.o[0m
[1.620s] [ 24%] [32mBuilding CXX object CMakeFiles/px4_interface__rosidl_typesupport_cpp.dir/rosidl_typesupport_cpp/px4_interface/msg/mission_waypoint__type_support.cpp.o[0m
[1.620s] [ 24%] [32mBuilding CXX object CMakeFiles/px4_interface__rosidl_typesupport_cpp.dir/rosidl_typesupport_cpp/px4_interface/msg/instance_list__type_support.cpp.o[0m
[1.621s] [ 25%] [32mBuilding CXX object CMakeFiles/px4_interface__rosidl_typesupport_cpp.dir/rosidl_typesupport_cpp/px4_interface/msg/mission_plan_for_drone__type_support.cpp.o[0m
[1.621s] [ 26%] [32mBuilding CXX object CMakeFiles/px4_interface__rosidl_typesupport_cpp.dir/rosidl_typesupport_cpp/px4_interface/msg/mission_status__type_support.cpp.o[0m
[1.621s] [ 27%] [32mBuilding CXX object CMakeFiles/px4_interface__rosidl_typesupport_cpp.dir/rosidl_typesupport_cpp/px4_interface/msg/mission_command__type_support.cpp.o[0m
[1.621s] [ 28%] [32mBuilding CXX object CMakeFiles/px4_interface__rosidl_typesupport_cpp.dir/rosidl_typesupport_cpp/px4_interface/msg/gyro_control__type_support.cpp.o[0m
[1.637s] [ 29%] [32mBuilding CXX object CMakeFiles/px4_interface__rosidl_typesupport_c.dir/rosidl_typesupport_c/px4_interface/msg/px4_status__type_support.cpp.o[0m
[1.638s] [ 30%] [32mBuilding CXX object CMakeFiles/px4_interface__rosidl_typesupport_c.dir/rosidl_typesupport_c/px4_interface/msg/instance_list__type_support.cpp.o[0m
[1.639s] [ 34%] [32mBuilding CXX object CMakeFiles/px4_interface__rosidl_typesupport_c.dir/rosidl_typesupport_c/px4_interface/msg/mission_status__type_support.cpp.o[0m
[1.639s] [ 34%] [32mBuilding CXX object CMakeFiles/px4_interface__rosidl_typesupport_c.dir/rosidl_typesupport_c/px4_interface/msg/instance_event__type_support.cpp.o[0m
[1.639s] [ 34%] [32mBuilding CXX object CMakeFiles/px4_interface__rosidl_typesupport_c.dir/rosidl_typesupport_c/px4_interface/msg/mission_command__type_support.cpp.o[0m
[1.639s] [ 34%] [32mBuilding CXX object CMakeFiles/px4_interface__rosidl_typesupport_c.dir/rosidl_typesupport_c/px4_interface/msg/mission_plan__type_support.cpp.o[0m
[1.639s] [ 34%] [32mBuilding CXX object CMakeFiles/px4_interface__rosidl_typesupport_c.dir/rosidl_typesupport_c/px4_interface/msg/ui_status__type_support.cpp.o[0m
[1.639s] [ 35%] [32mBuilding CXX object CMakeFiles/px4_interface__rosidl_typesupport_c.dir/rosidl_typesupport_c/px4_interface/msg/mission_plan_for_drone__type_support.cpp.o[0m
[1.643s] [ 36%] [32mBuilding CXX object CMakeFiles/px4_interface__rosidl_typesupport_c.dir/rosidl_typesupport_c/px4_interface/msg/mission_waypoint__type_support.cpp.o[0m
[1.644s] [ 37%] [32mBuilding CXX object CMakeFiles/px4_interface__rosidl_typesupport_c.dir/rosidl_typesupport_c/px4_interface/msg/gyro_control__type_support.cpp.o[0m
[1.676s] [ 38%] [32m[1mLinking CXX shared library libpx4_interface__rosidl_typesupport_c.so[0m
[1.689s] [ 39%] [32mBuilding CXX object CMakeFiles/px4_interface__rosidl_typesupport_introspection_cpp.dir/rosidl_typesupport_introspection_cpp/px4_interface/msg/detail/px4_status__type_support.cpp.o[0m
[1.691s] [ 42%] [32mBuilding CXX object CMakeFiles/px4_interface__rosidl_typesupport_introspection_cpp.dir/rosidl_typesupport_introspection_cpp/px4_interface/msg/detail/mission_waypoint__type_support.cpp.o[0m
[1.691s] [ 42%] [32mBuilding CXX object CMakeFiles/px4_interface__rosidl_typesupport_introspection_cpp.dir/rosidl_typesupport_introspection_cpp/px4_interface/msg/detail/mission_command__type_support.cpp.o[0m
[1.691s] [ 42%] [32mBuilding CXX object CMakeFiles/px4_interface__rosidl_typesupport_introspection_cpp.dir/rosidl_typesupport_introspection_cpp/px4_interface/msg/detail/instance_list__type_support.cpp.o[0m
[1.691s] [ 46%] [32mBuilding CXX object CMakeFiles/px4_interface__rosidl_typesupport_introspection_cpp.dir/rosidl_typesupport_introspection_cpp/px4_interface/msg/detail/ui_status__type_support.cpp.o[0m
[1.691s] [ 46%] [32mBuilding CXX object CMakeFiles/px4_interface__rosidl_typesupport_introspection_cpp.dir/rosidl_typesupport_introspection_cpp/px4_interface/msg/detail/mission_plan__type_support.cpp.o[0m
[1.691s] [ 46%] [32mBuilding CXX object CMakeFiles/px4_interface__rosidl_typesupport_introspection_cpp.dir/rosidl_typesupport_introspection_cpp/px4_interface/msg/detail/instance_event__type_support.cpp.o[0m
[1.692s] [ 46%] [32mBuilding CXX object CMakeFiles/px4_interface__rosidl_typesupport_introspection_cpp.dir/rosidl_typesupport_introspection_cpp/px4_interface/msg/detail/mission_plan_for_drone__type_support.cpp.o[0m
[1.694s] [ 47%] [32mBuilding CXX object CMakeFiles/px4_interface__rosidl_typesupport_introspection_cpp.dir/rosidl_typesupport_introspection_cpp/px4_interface/msg/detail/mission_status__type_support.cpp.o[0m
[1.696s] [ 48%] [32mBuilding CXX object CMakeFiles/px4_interface__rosidl_typesupport_introspection_cpp.dir/rosidl_typesupport_introspection_cpp/px4_interface/msg/detail/gyro_control__type_support.cpp.o[0m
[1.723s] [ 48%] Built target px4_interface__rosidl_typesupport_c
[1.827s] [ 49%] [32m[1mLinking CXX shared library libpx4_interface__rosidl_typesupport_cpp.so[0m
[1.832s] [ 52%] [32mBuilding CXX object CMakeFiles/px4_interface__rosidl_typesupport_fastrtps_c.dir/rosidl_typesupport_fastrtps_c/px4_interface/msg/detail/px4_status__type_support_c.cpp.o[0m
[1.833s] [ 52%] [32mBuilding CXX object CMakeFiles/px4_interface__rosidl_typesupport_fastrtps_c.dir/rosidl_typesupport_fastrtps_c/px4_interface/msg/detail/ui_status__type_support_c.cpp.o[0m
[1.833s] [ 55%] [32mBuilding CXX object CMakeFiles/px4_interface__rosidl_typesupport_fastrtps_c.dir/rosidl_typesupport_fastrtps_c/px4_interface/msg/detail/instance_list__type_support_c.cpp.o[0m
[1.833s] [ 55%] [32mBuilding CXX object CMakeFiles/px4_interface__rosidl_typesupport_fastrtps_c.dir/rosidl_typesupport_fastrtps_c/px4_interface/msg/detail/mission_plan__type_support_c.cpp.o[0m
[1.833s] [ 52%] [32mBuilding CXX object CMakeFiles/px4_interface__rosidl_typesupport_fastrtps_c.dir/rosidl_typesupport_fastrtps_c/px4_interface/msg/detail/instance_event__type_support_c.cpp.o[0m
[1.833s] [ 58%] [32mBuilding CXX object CMakeFiles/px4_interface__rosidl_typesupport_fastrtps_c.dir/rosidl_typesupport_fastrtps_c/px4_interface/msg/detail/mission_waypoint__type_support_c.cpp.o[0m
[1.833s] [ 55%] [32mBuilding CXX object CMakeFiles/px4_interface__rosidl_typesupport_fastrtps_c.dir/rosidl_typesupport_fastrtps_c/px4_interface/msg/detail/mission_command__type_support_c.cpp.o[0m
[1.833s] [ 58%] [32mBuilding CXX object CMakeFiles/px4_interface__rosidl_typesupport_fastrtps_c.dir/rosidl_typesupport_fastrtps_c/px4_interface/msg/detail/gyro_control__type_support_c.cpp.o[0m
[1.833s] [ 58%] [32mBuilding CXX object CMakeFiles/px4_interface__rosidl_typesupport_fastrtps_c.dir/rosidl_typesupport_fastrtps_c/px4_interface/msg/detail/mission_plan_for_drone__type_support_c.cpp.o[0m
[1.834s] [ 59%] [32mBuilding CXX object CMakeFiles/px4_interface__rosidl_typesupport_fastrtps_c.dir/rosidl_typesupport_fastrtps_c/px4_interface/msg/detail/mission_status__type_support_c.cpp.o[0m
[1.836s] [ 60%] [32mBuilding CXX object CMakeFiles/px4_interface__rosidl_typesupport_fastrtps_cpp.dir/rosidl_typesupport_fastrtps_cpp/px4_interface/msg/detail/dds_fastrtps/instance_event__type_support.cpp.o[0m
[1.836s] [ 61%] [32mBuilding C object CMakeFiles/px4_interface__rosidl_typesupport_introspection_c.dir/rosidl_typesupport_introspection_c/px4_interface/msg/detail/px4_status__type_support.c.o[0m
[1.839s] [ 62%] [32mBuilding CXX object CMakeFiles/px4_interface__rosidl_typesupport_fastrtps_cpp.dir/rosidl_typesupport_fastrtps_cpp/px4_interface/msg/detail/dds_fastrtps/px4_status__type_support.cpp.o[0m
[1.864s] [ 62%] Built target px4_interface__rosidl_typesupport_cpp
[1.873s] [ 63%] [32mBuilding C object CMakeFiles/px4_interface__rosidl_typesupport_introspection_c.dir/rosidl_typesupport_introspection_c/px4_interface/msg/detail/instance_list__type_support.c.o[0m
[1.880s] [ 64%] [32mBuilding C object CMakeFiles/px4_interface__rosidl_typesupport_introspection_c.dir/rosidl_typesupport_introspection_c/px4_interface/msg/detail/instance_event__type_support.c.o[0m
[1.920s] [ 65%] [32mBuilding C object CMakeFiles/px4_interface__rosidl_typesupport_introspection_c.dir/rosidl_typesupport_introspection_c/px4_interface/msg/detail/ui_status__type_support.c.o[0m
[1.956s] [ 66%] [32mBuilding C object CMakeFiles/px4_interface__rosidl_typesupport_introspection_c.dir/rosidl_typesupport_introspection_c/px4_interface/msg/detail/mission_waypoint__type_support.c.o[0m
[1.991s] [ 66%] [32mBuilding CXX object CMakeFiles/px4_interface__rosidl_typesupport_fastrtps_cpp.dir/rosidl_typesupport_fastrtps_cpp/px4_interface/msg/detail/dds_fastrtps/instance_list__type_support.cpp.o[0m
[1.993s] [ 67%] [32mBuilding C object CMakeFiles/px4_interface__rosidl_typesupport_introspection_c.dir/rosidl_typesupport_introspection_c/px4_interface/msg/detail/mission_command__type_support.c.o[0m
[1.995s] [ 68%] [32mBuilding C object CMakeFiles/px4_interface__rosidl_typesupport_introspection_c.dir/rosidl_typesupport_introspection_c/px4_interface/msg/detail/mission_plan__type_support.c.o[0m
[1.998s] [ 69%] [32mBuilding CXX object CMakeFiles/px4_interface__rosidl_typesupport_fastrtps_cpp.dir/rosidl_typesupport_fastrtps_cpp/px4_interface/msg/detail/dds_fastrtps/ui_status__type_support.cpp.o[0m
[1.999s] [ 71%] [32mBuilding C object CMakeFiles/px4_interface__rosidl_typesupport_introspection_c.dir/rosidl_typesupport_introspection_c/px4_interface/msg/detail/mission_status__type_support.c.o[0m
[2.000s] [ 71%] [32mBuilding C object CMakeFiles/px4_interface__rosidl_typesupport_introspection_c.dir/rosidl_typesupport_introspection_c/px4_interface/msg/detail/mission_plan_for_drone__type_support.c.o[0m
[2.003s] [ 72%] [32mBuilding CXX object CMakeFiles/px4_interface__rosidl_typesupport_fastrtps_cpp.dir/rosidl_typesupport_fastrtps_cpp/px4_interface/msg/detail/dds_fastrtps/mission_waypoint__type_support.cpp.o[0m
[2.004s] [ 73%] [32mBuilding C object CMakeFiles/px4_interface__rosidl_typesupport_introspection_c.dir/rosidl_typesupport_introspection_c/px4_interface/msg/detail/gyro_control__type_support.c.o[0m
[2.031s] [ 74%] [32mBuilding CXX object CMakeFiles/px4_interface__rosidl_typesupport_fastrtps_cpp.dir/rosidl_typesupport_fastrtps_cpp/px4_interface/msg/detail/dds_fastrtps/mission_plan__type_support.cpp.o[0m
[2.032s] [ 75%] [32mBuilding CXX object CMakeFiles/px4_interface__rosidl_typesupport_fastrtps_cpp.dir/rosidl_typesupport_fastrtps_cpp/px4_interface/msg/detail/dds_fastrtps/mission_command__type_support.cpp.o[0m
[2.036s] [ 76%] [32mBuilding CXX object CMakeFiles/px4_interface__rosidl_typesupport_fastrtps_cpp.dir/rosidl_typesupport_fastrtps_cpp/px4_interface/msg/detail/dds_fastrtps/mission_plan_for_drone__type_support.cpp.o[0m
[2.036s] [ 77%] [32mBuilding CXX object CMakeFiles/px4_interface__rosidl_typesupport_fastrtps_cpp.dir/rosidl_typesupport_fastrtps_cpp/px4_interface/msg/detail/dds_fastrtps/mission_status__type_support.cpp.o[0m
[2.037s] [ 78%] [32mBuilding CXX object CMakeFiles/px4_interface__rosidl_typesupport_fastrtps_cpp.dir/rosidl_typesupport_fastrtps_cpp/px4_interface/msg/detail/dds_fastrtps/gyro_control__type_support.cpp.o[0m
[2.046s] [ 79%] [32m[1mLinking C shared library libpx4_interface__rosidl_typesupport_introspection_c.so[0m
[2.076s] [ 79%] Built target px4_interface__rosidl_typesupport_introspection_c
[2.126s] [ 80%] [32m[1mLinking CXX shared library libpx4_interface__rosidl_typesupport_fastrtps_c.so[0m
[2.130s] [ 81%] [32m[1mLinking CXX shared library libpx4_interface__rosidl_typesupport_introspection_cpp.so[0m
[2.168s] [ 81%] Built target px4_interface__rosidl_typesupport_fastrtps_c
[2.173s] [ 81%] Built target px4_interface__rosidl_typesupport_introspection_cpp
[2.303s] [ 82%] [32m[1mLinking CXX shared library libpx4_interface__rosidl_typesupport_fastrtps_cpp.so[0m
[2.348s] [ 82%] Built target px4_interface__rosidl_typesupport_fastrtps_cpp
[2.357s] [ 82%] Built target px4_interface
[2.368s] [ 83%] [34m[1mGenerating Python code for ROS interfaces[0m
[3.215s] [ 83%] Built target px4_interface__py
[3.225s] [ 85%] [32mBuilding C object CMakeFiles/px4_interface__rosidl_generator_py.dir/rosidl_generator_py/px4_interface/msg/_ui_status_s.c.o[0m
[3.226s] [ 85%] [32mBuilding C object CMakeFiles/px4_interface__rosidl_generator_py.dir/rosidl_generator_py/px4_interface/msg/_instance_event_s.c.o[0m
[3.226s] [ 86%] [32mBuilding C object CMakeFiles/px4_interface__rosidl_generator_py.dir/rosidl_generator_py/px4_interface/msg/_px4_status_s.c.o[0m
[3.226s] [ 87%] [32mBuilding C object CMakeFiles/px4_interface__rosidl_generator_py.dir/rosidl_generator_py/px4_interface/msg/_mission_plan_s.c.o[0m
[3.226s] [ 89%] [32mBuilding C object CMakeFiles/px4_interface__rosidl_generator_py.dir/rosidl_generator_py/px4_interface/msg/_mission_waypoint_s.c.o[0m
[3.226s] [ 89%] [32mBuilding C object CMakeFiles/px4_interface__rosidl_generator_py.dir/rosidl_generator_py/px4_interface/msg/_instance_list_s.c.o[0m
[3.226s] [ 90%] [32mBuilding C object CMakeFiles/px4_interface__rosidl_generator_py.dir/rosidl_generator_py/px4_interface/msg/_mission_command_s.c.o[0m
[3.226s] [ 92%] [32mBuilding C object CMakeFiles/px4_interface__rosidl_generator_py.dir/rosidl_generator_py/px4_interface/msg/_gyro_control_s.c.o[0m
[3.226s] [ 92%] [32mBuilding C object CMakeFiles/px4_interface__rosidl_generator_py.dir/rosidl_generator_py/px4_interface/msg/_mission_plan_for_drone_s.c.o[0m
[3.226s] [ 93%] [32mBuilding C object CMakeFiles/px4_interface__rosidl_generator_py.dir/rosidl_generator_py/px4_interface/msg/_mission_status_s.c.o[0m
[3.299s] [ 94%] [32m[1mLinking C shared library rosidl_generator_py/px4_interface/libpx4_interface__rosidl_generator_py.so[0m
[3.322s] [ 94%] Built target px4_interface__rosidl_generator_py
[3.333s] [ 95%] [32mBuilding C object CMakeFiles/px4_interface__rosidl_typesupport_c__pyext.dir/rosidl_generator_py/px4_interface/_px4_interface_s.ep.rosidl_typesupport_c.c.o[0m
[3.333s] [ 96%] [32mBuilding C object CMakeFiles/px4_interface__rosidl_typesupport_introspection_c__pyext.dir/rosidl_generator_py/px4_interface/_px4_interface_s.ep.rosidl_typesupport_introspection_c.c.o[0m
[3.333s] [ 97%] [32mBuilding C object CMakeFiles/px4_interface__rosidl_typesupport_fastrtps_c__pyext.dir/rosidl_generator_py/px4_interface/_px4_interface_s.ep.rosidl_typesupport_fastrtps_c.c.o[0m
[3.392s] [ 98%] [32m[1mLinking C shared library rosidl_generator_py/px4_interface/px4_interface_s__rosidl_typesupport_c.cpython-310-x86_64-linux-gnu.so[0m
[3.392s] [ 99%] [32m[1mLinking C shared library rosidl_generator_py/px4_interface/px4_interface_s__rosidl_typesupport_introspection_c.cpython-310-x86_64-linux-gnu.so[0m
[3.393s] [100%] [32m[1mLinking C shared library rosidl_generator_py/px4_interface/px4_interface_s__rosidl_typesupport_fastrtps_c.cpython-310-x86_64-linux-gnu.so[0m
[3.411s] [100%] Built target px4_interface__rosidl_typesupport_c__pyext
[3.411s] [100%] Built target px4_interface__rosidl_typesupport_introspection_c__pyext
[3.411s] [100%] Built target px4_interface__rosidl_typesupport_fastrtps_c__pyext
[3.420s] Invoked command in '/home/lim/ros2_px4_ws/build/px4_interface' returned '0': CMAKE_PREFIX_PATH=${CMAKE_PREFIX_PATH}:/opt/ros/humble /usr/bin/cmake --build /home/lim/ros2_px4_ws/build/px4_interface -- -j24 -l24
[3.424s] Invoking command in '/home/lim/ros2_px4_ws/build/px4_interface': CMAKE_PREFIX_PATH=${CMAKE_PREFIX_PATH}:/opt/ros/humble /usr/bin/cmake --install /home/lim/ros2_px4_ws/build/px4_interface
[3.429s] -- Install configuration: ""
[3.429s] -- Installing: /home/lim/ros2_px4_ws/install/px4_interface/share/ament_index/resource_index/rosidl_interfaces/px4_interface
[3.429s] -- Installing: /home/lim/ros2_px4_ws/install/px4_interface/include/px4_interface/px4_interface
[3.429s] -- Installing: /home/lim/ros2_px4_ws/install/px4_interface/include/px4_interface/px4_interface/msg
[3.429s] -- Installing: /home/lim/ros2_px4_ws/install/px4_interface/include/px4_interface/px4_interface/msg/instance_event.h
[3.429s] -- Installing: /home/lim/ros2_px4_ws/install/px4_interface/include/px4_interface/px4_interface/msg/px4_status.h
[3.429s] -- Installing: /home/lim/ros2_px4_ws/install/px4_interface/include/px4_interface/px4_interface/msg/mission_waypoint.h
[3.429s] -- Installing: /home/lim/ros2_px4_ws/install/px4_interface/include/px4_interface/px4_interface/msg/mission_status.h
[3.429s] -- Installing: /home/lim/ros2_px4_ws/install/px4_interface/include/px4_interface/px4_interface/msg/instance_list.h
[3.429s] -- Installing: /home/lim/ros2_px4_ws/install/px4_interface/include/px4_interface/px4_interface/msg/detail
[3.429s] -- Installing: /home/lim/ros2_px4_ws/install/px4_interface/include/px4_interface/px4_interface/msg/detail/instance_list__type_support.h
[3.429s] -- Installing: /home/lim/ros2_px4_ws/install/px4_interface/include/px4_interface/px4_interface/msg/detail/ui_status__type_support.h
[3.429s] -- Installing: /home/lim/ros2_px4_ws/install/px4_interface/include/px4_interface/px4_interface/msg/detail/mission_plan__struct.h
[3.429s] -- Installing: /home/lim/ros2_px4_ws/install/px4_interface/include/px4_interface/px4_interface/msg/detail/instance_event__struct.h
[3.430s] -- Installing: /home/lim/ros2_px4_ws/install/px4_interface/include/px4_interface/px4_interface/msg/detail/px4_status__functions.c
[3.430s] -- Installing: /home/lim/ros2_px4_ws/install/px4_interface/include/px4_interface/px4_interface/msg/detail/mission_plan__functions.h
[3.430s] -- Installing: /home/lim/ros2_px4_ws/install/px4_interface/include/px4_interface/px4_interface/msg/detail/mission_plan_for_drone__functions.c
[3.430s] -- Installing: /home/lim/ros2_px4_ws/install/px4_interface/include/px4_interface/px4_interface/msg/detail/mission_status__struct.h
[3.430s] -- Installing: /home/lim/ros2_px4_ws/install/px4_interface/include/px4_interface/px4_interface/msg/detail/instance_event__functions.h
[3.430s] -- Installing: /home/lim/ros2_px4_ws/install/px4_interface/include/px4_interface/px4_interface/msg/detail/mission_status__functions.c
[3.430s] -- Installing: /home/lim/ros2_px4_ws/install/px4_interface/include/px4_interface/px4_interface/msg/detail/px4_status__functions.h
[3.430s] -- Installing: /home/lim/ros2_px4_ws/install/px4_interface/include/px4_interface/px4_interface/msg/detail/ui_status__struct.h
[3.430s] -- Installing: /home/lim/ros2_px4_ws/install/px4_interface/include/px4_interface/px4_interface/msg/detail/mission_waypoint__type_support.h
[3.430s] -- Installing: /home/lim/ros2_px4_ws/install/px4_interface/include/px4_interface/px4_interface/msg/detail/ui_status__functions.c
[3.430s] -- Installing: /home/lim/ros2_px4_ws/install/px4_interface/include/px4_interface/px4_interface/msg/detail/gyro_control__functions.h
[3.430s] -- Installing: /home/lim/ros2_px4_ws/install/px4_interface/include/px4_interface/px4_interface/msg/detail/instance_list__struct.h
[3.430s] -- Installing: /home/lim/ros2_px4_ws/install/px4_interface/include/px4_interface/px4_interface/msg/detail/instance_event__functions.c
[3.430s] -- Installing: /home/lim/ros2_px4_ws/install/px4_interface/include/px4_interface/px4_interface/msg/detail/mission_command__functions.c
[3.430s] -- Installing: /home/lim/ros2_px4_ws/install/px4_interface/include/px4_interface/px4_interface/msg/detail/mission_command__functions.h
[3.431s] -- Installing: /home/lim/ros2_px4_ws/install/px4_interface/include/px4_interface/px4_interface/msg/detail/mission_command__type_support.h
[3.431s] -- Installing: /home/lim/ros2_px4_ws/install/px4_interface/include/px4_interface/px4_interface/msg/detail/instance_list__functions.c
[3.431s] -- Installing: /home/lim/ros2_px4_ws/install/px4_interface/include/px4_interface/px4_interface/msg/detail/instance_list__functions.h
[3.431s] -- Installing: /home/lim/ros2_px4_ws/install/px4_interface/include/px4_interface/px4_interface/msg/detail/mission_plan__functions.c
[3.431s] -- Installing: /home/lim/ros2_px4_ws/install/px4_interface/include/px4_interface/px4_interface/msg/detail/mission_waypoint__struct.h
[3.431s] -- Installing: /home/lim/ros2_px4_ws/install/px4_interface/include/px4_interface/px4_interface/msg/detail/px4_status__type_support.h
[3.431s] -- Installing: /home/lim/ros2_px4_ws/install/px4_interface/include/px4_interface/px4_interface/msg/detail/px4_status__struct.h
[3.431s] -- Installing: /home/lim/ros2_px4_ws/install/px4_interface/include/px4_interface/px4_interface/msg/detail/mission_plan_for_drone__type_support.h
[3.431s] -- Installing: /home/lim/ros2_px4_ws/install/px4_interface/include/px4_interface/px4_interface/msg/detail/gyro_control__functions.c
[3.431s] -- Installing: /home/lim/ros2_px4_ws/install/px4_interface/include/px4_interface/px4_interface/msg/detail/ui_status__functions.h
[3.431s] -- Installing: /home/lim/ros2_px4_ws/install/px4_interface/include/px4_interface/px4_interface/msg/detail/mission_waypoint__functions.c
[3.431s] -- Installing: /home/lim/ros2_px4_ws/install/px4_interface/include/px4_interface/px4_interface/msg/detail/mission_command__struct.h
[3.431s] -- Installing: /home/lim/ros2_px4_ws/install/px4_interface/include/px4_interface/px4_interface/msg/detail/mission_status__type_support.h
[3.431s] -- Installing: /home/lim/ros2_px4_ws/install/px4_interface/include/px4_interface/px4_interface/msg/detail/mission_plan__type_support.h
[3.431s] -- Installing: /home/lim/ros2_px4_ws/install/px4_interface/include/px4_interface/px4_interface/msg/detail/gyro_control__struct.h
[3.432s] -- Installing: /home/lim/ros2_px4_ws/install/px4_interface/include/px4_interface/px4_interface/msg/detail/gyro_control__type_support.h
[3.432s] -- Installing: /home/lim/ros2_px4_ws/install/px4_interface/include/px4_interface/px4_interface/msg/detail/mission_plan_for_drone__struct.h
[3.432s] -- Installing: /home/lim/ros2_px4_ws/install/px4_interface/include/px4_interface/px4_interface/msg/detail/mission_status__functions.h
[3.432s] -- Installing: /home/lim/ros2_px4_ws/install/px4_interface/include/px4_interface/px4_interface/msg/detail/mission_waypoint__functions.h
[3.432s] -- Installing: /home/lim/ros2_px4_ws/install/px4_interface/include/px4_interface/px4_interface/msg/detail/instance_event__type_support.h
[3.432s] -- Installing: /home/lim/ros2_px4_ws/install/px4_interface/include/px4_interface/px4_interface/msg/detail/mission_plan_for_drone__functions.h
[3.432s] -- Installing: /home/lim/ros2_px4_ws/install/px4_interface/include/px4_interface/px4_interface/msg/gyro_control.h
[3.432s] -- Installing: /home/lim/ros2_px4_ws/install/px4_interface/include/px4_interface/px4_interface/msg/mission_plan_for_drone.h
[3.432s] -- Installing: /home/lim/ros2_px4_ws/install/px4_interface/include/px4_interface/px4_interface/msg/ui_status.h
[3.432s] -- Installing: /home/lim/ros2_px4_ws/install/px4_interface/include/px4_interface/px4_interface/msg/rosidl_generator_c__visibility_control.h
[3.432s] -- Installing: /home/lim/ros2_px4_ws/install/px4_interface/include/px4_interface/px4_interface/msg/mission_command.h
[3.432s] -- Installing: /home/lim/ros2_px4_ws/install/px4_interface/include/px4_interface/px4_interface/msg/mission_plan.h
[3.432s] -- Installing: /home/lim/ros2_px4_ws/install/px4_interface/share/px4_interface/environment/library_path.sh
[3.432s] -- Installing: /home/lim/ros2_px4_ws/install/px4_interface/share/px4_interface/environment/library_path.dsv
[3.433s] -- Installing: /home/lim/ros2_px4_ws/install/px4_interface/lib/libpx4_interface__rosidl_generator_c.so
[3.433s] -- Set runtime path of "/home/lim/ros2_px4_ws/install/px4_interface/lib/libpx4_interface__rosidl_generator_c.so" to ""
[3.433s] -- Up-to-date: /home/lim/ros2_px4_ws/install/px4_interface/include/px4_interface/px4_interface
[3.433s] -- Up-to-date: /home/lim/ros2_px4_ws/install/px4_interface/include/px4_interface/px4_interface/msg
[3.433s] -- Up-to-date: /home/lim/ros2_px4_ws/install/px4_interface/include/px4_interface/px4_interface/msg/detail
[3.433s] -- Installing: /home/lim/ros2_px4_ws/install/px4_interface/include/px4_interface/px4_interface/msg/detail/px4_status__rosidl_typesupport_fastrtps_c.h
[3.433s] -- Installing: /home/lim/ros2_px4_ws/install/px4_interface/include/px4_interface/px4_interface/msg/detail/gyro_control__rosidl_typesupport_fastrtps_c.h
[3.433s] -- Installing: /home/lim/ros2_px4_ws/install/px4_interface/include/px4_interface/px4_interface/msg/detail/mission_waypoint__rosidl_typesupport_fastrtps_c.h
[3.433s] -- Installing: /home/lim/ros2_px4_ws/install/px4_interface/include/px4_interface/px4_interface/msg/detail/instance_event__rosidl_typesupport_fastrtps_c.h
[3.433s] -- Installing: /home/lim/ros2_px4_ws/install/px4_interface/include/px4_interface/px4_interface/msg/detail/instance_list__rosidl_typesupport_fastrtps_c.h
[3.433s] -- Installing: /home/lim/ros2_px4_ws/install/px4_interface/include/px4_interface/px4_interface/msg/detail/mission_plan__rosidl_typesupport_fastrtps_c.h
[3.433s] -- Installing: /home/lim/ros2_px4_ws/install/px4_interface/include/px4_interface/px4_interface/msg/detail/mission_command__rosidl_typesupport_fastrtps_c.h
[3.433s] -- Installing: /home/lim/ros2_px4_ws/install/px4_interface/include/px4_interface/px4_interface/msg/detail/ui_status__rosidl_typesupport_fastrtps_c.h
[3.433s] -- Installing: /home/lim/ros2_px4_ws/install/px4_interface/include/px4_interface/px4_interface/msg/detail/mission_plan_for_drone__rosidl_typesupport_fastrtps_c.h
[3.434s] -- Installing: /home/lim/ros2_px4_ws/install/px4_interface/include/px4_interface/px4_interface/msg/detail/mission_status__rosidl_typesupport_fastrtps_c.h
[3.434s] -- Installing: /home/lim/ros2_px4_ws/install/px4_interface/include/px4_interface/px4_interface/msg/rosidl_typesupport_fastrtps_c__visibility_control.h
[3.434s] -- Installing: /home/lim/ros2_px4_ws/install/px4_interface/lib/libpx4_interface__rosidl_typesupport_fastrtps_c.so
[3.434s] -- Set runtime path of "/home/lim/ros2_px4_ws/install/px4_interface/lib/libpx4_interface__rosidl_typesupport_fastrtps_c.so" to ""
[3.434s] -- Up-to-date: /home/lim/ros2_px4_ws/install/px4_interface/include/px4_interface/px4_interface
[3.434s] -- Up-to-date: /home/lim/ros2_px4_ws/install/px4_interface/include/px4_interface/px4_interface/msg
[3.434s] -- Installing: /home/lim/ros2_px4_ws/install/px4_interface/include/px4_interface/px4_interface/msg/rosidl_typesupport_introspection_c__visibility_control.h
[3.434s] -- Up-to-date: /home/lim/ros2_px4_ws/install/px4_interface/include/px4_interface/px4_interface/msg/detail
[3.434s] -- Installing: /home/lim/ros2_px4_ws/install/px4_interface/include/px4_interface/px4_interface/msg/detail/mission_plan_for_drone__type_support.c
[3.434s] -- Installing: /home/lim/ros2_px4_ws/install/px4_interface/include/px4_interface/px4_interface/msg/detail/ui_status__rosidl_typesupport_introspection_c.h
[3.434s] -- Installing: /home/lim/ros2_px4_ws/install/px4_interface/include/px4_interface/px4_interface/msg/detail/gyro_control__type_support.c
[3.434s] -- Installing: /home/lim/ros2_px4_ws/install/px4_interface/include/px4_interface/px4_interface/msg/detail/mission_status__rosidl_typesupport_introspection_c.h
[3.434s] -- Installing: /home/lim/ros2_px4_ws/install/px4_interface/include/px4_interface/px4_interface/msg/detail/ui_status__type_support.c
[3.434s] -- Installing: /home/lim/ros2_px4_ws/install/px4_interface/include/px4_interface/px4_interface/msg/detail/mission_waypoint__type_support.c
[3.435s] -- Installing: /home/lim/ros2_px4_ws/install/px4_interface/include/px4_interface/px4_interface/msg/detail/mission_plan__rosidl_typesupport_introspection_c.h
[3.435s] -- Installing: /home/lim/ros2_px4_ws/install/px4_interface/include/px4_interface/px4_interface/msg/detail/instance_list__type_support.c
[3.435s] -- Installing: /home/lim/ros2_px4_ws/install/px4_interface/include/px4_interface/px4_interface/msg/detail/mission_status__type_support.c
[3.435s] -- Installing: /home/lim/ros2_px4_ws/install/px4_interface/include/px4_interface/px4_interface/msg/detail/instance_event__rosidl_typesupport_introspection_c.h
[3.435s] -- Installing: /home/lim/ros2_px4_ws/install/px4_interface/include/px4_interface/px4_interface/msg/detail/mission_waypoint__rosidl_typesupport_introspection_c.h
[3.435s] -- Installing: /home/lim/ros2_px4_ws/install/px4_interface/include/px4_interface/px4_interface/msg/detail/mission_plan_for_drone__rosidl_typesupport_introspection_c.h
[3.435s] -- Installing: /home/lim/ros2_px4_ws/install/px4_interface/include/px4_interface/px4_interface/msg/detail/mission_command__rosidl_typesupport_introspection_c.h
[3.435s] -- Installing: /home/lim/ros2_px4_ws/install/px4_interface/include/px4_interface/px4_interface/msg/detail/px4_status__type_support.c
[3.435s] -- Installing: /home/lim/ros2_px4_ws/install/px4_interface/include/px4_interface/px4_interface/msg/detail/instance_list__rosidl_typesupport_introspection_c.h
[3.435s] -- Installing: /home/lim/ros2_px4_ws/install/px4_interface/include/px4_interface/px4_interface/msg/detail/mission_command__type_support.c
[3.435s] -- Installing: /home/lim/ros2_px4_ws/install/px4_interface/include/px4_interface/px4_interface/msg/detail/gyro_control__rosidl_typesupport_introspection_c.h
[3.435s] -- Installing: /home/lim/ros2_px4_ws/install/px4_interface/include/px4_interface/px4_interface/msg/detail/instance_event__type_support.c
[3.435s] -- Installing: /home/lim/ros2_px4_ws/install/px4_interface/include/px4_interface/px4_interface/msg/detail/px4_status__rosidl_typesupport_introspection_c.h
[3.435s] -- Installing: /home/lim/ros2_px4_ws/install/px4_interface/include/px4_interface/px4_interface/msg/detail/mission_plan__type_support.c
[3.436s] -- Installing: /home/lim/ros2_px4_ws/install/px4_interface/lib/libpx4_interface__rosidl_typesupport_introspection_c.so
[3.436s] -- Set runtime path of "/home/lim/ros2_px4_ws/install/px4_interface/lib/libpx4_interface__rosidl_typesupport_introspection_c.so" to ""
[3.436s] -- Installing: /home/lim/ros2_px4_ws/install/px4_interface/lib/libpx4_interface__rosidl_typesupport_c.so
[3.436s] -- Set runtime path of "/home/lim/ros2_px4_ws/install/px4_interface/lib/libpx4_interface__rosidl_typesupport_c.so" to ""
[3.436s] -- Up-to-date: /home/lim/ros2_px4_ws/install/px4_interface/include/px4_interface/px4_interface
[3.436s] -- Up-to-date: /home/lim/ros2_px4_ws/install/px4_interface/include/px4_interface/px4_interface/msg
[3.436s] -- Installing: /home/lim/ros2_px4_ws/install/px4_interface/include/px4_interface/px4_interface/msg/instance_list.hpp
[3.436s] -- Up-to-date: /home/lim/ros2_px4_ws/install/px4_interface/include/px4_interface/px4_interface/msg/detail
[3.436s] -- Installing: /home/lim/ros2_px4_ws/install/px4_interface/include/px4_interface/px4_interface/msg/detail/mission_status__builder.hpp
[3.436s] -- Installing: /home/lim/ros2_px4_ws/install/px4_interface/include/px4_interface/px4_interface/msg/detail/instance_list__traits.hpp
[3.436s] -- Installing: /home/lim/ros2_px4_ws/install/px4_interface/include/px4_interface/px4_interface/msg/detail/instance_list__type_support.hpp
[3.436s] -- Installing: /home/lim/ros2_px4_ws/install/px4_interface/include/px4_interface/px4_interface/msg/detail/gyro_control__traits.hpp
[3.436s] -- Installing: /home/lim/ros2_px4_ws/install/px4_interface/include/px4_interface/px4_interface/msg/detail/mission_waypoint__builder.hpp
[3.436s] -- Installing: /home/lim/ros2_px4_ws/install/px4_interface/include/px4_interface/px4_interface/msg/detail/ui_status__builder.hpp
[3.437s] -- Installing: /home/lim/ros2_px4_ws/install/px4_interface/include/px4_interface/px4_interface/msg/detail/mission_plan_for_drone__struct.hpp
[3.437s] -- Installing: /home/lim/ros2_px4_ws/install/px4_interface/include/px4_interface/px4_interface/msg/detail/px4_status__type_support.hpp
[3.437s] -- Installing: /home/lim/ros2_px4_ws/install/px4_interface/include/px4_interface/px4_interface/msg/detail/mission_plan_for_drone__type_support.hpp
[3.437s] -- Installing: /home/lim/ros2_px4_ws/install/px4_interface/include/px4_interface/px4_interface/msg/detail/mission_command__builder.hpp
[3.437s] -- Installing: /home/lim/ros2_px4_ws/install/px4_interface/include/px4_interface/px4_interface/msg/detail/mission_status__struct.hpp
[3.437s] -- Installing: /home/lim/ros2_px4_ws/install/px4_interface/include/px4_interface/px4_interface/msg/detail/px4_status__struct.hpp
[3.437s] -- Installing: /home/lim/ros2_px4_ws/install/px4_interface/include/px4_interface/px4_interface/msg/detail/ui_status__struct.hpp
[3.437s] -- Installing: /home/lim/ros2_px4_ws/install/px4_interface/include/px4_interface/px4_interface/msg/detail/mission_command__struct.hpp
[3.437s] -- Installing: /home/lim/ros2_px4_ws/install/px4_interface/include/px4_interface/px4_interface/msg/detail/mission_plan__traits.hpp
[3.437s] -- Installing: /home/lim/ros2_px4_ws/install/px4_interface/include/px4_interface/px4_interface/msg/detail/mission_plan__builder.hpp
[3.437s] -- Installing: /home/lim/ros2_px4_ws/install/px4_interface/include/px4_interface/px4_interface/msg/detail/mission_command__traits.hpp
[3.437s] -- Installing: /home/lim/ros2_px4_ws/install/px4_interface/include/px4_interface/px4_interface/msg/detail/instance_event__builder.hpp
[3.437s] -- Installing: /home/lim/ros2_px4_ws/install/px4_interface/include/px4_interface/px4_interface/msg/detail/instance_event__type_support.hpp
[3.438s] -- Installing: /home/lim/ros2_px4_ws/install/px4_interface/include/px4_interface/px4_interface/msg/detail/mission_status__traits.hpp
[3.438s] -- Installing: /home/lim/ros2_px4_ws/install/px4_interface/include/px4_interface/px4_interface/msg/detail/px4_status__builder.hpp
[3.438s] -- Installing: /home/lim/ros2_px4_ws/install/px4_interface/include/px4_interface/px4_interface/msg/detail/instance_event__struct.hpp
[3.438s] -- Installing: /home/lim/ros2_px4_ws/install/px4_interface/include/px4_interface/px4_interface/msg/detail/ui_status__type_support.hpp
[3.438s] -- Installing: /home/lim/ros2_px4_ws/install/px4_interface/include/px4_interface/px4_interface/msg/detail/gyro_control__struct.hpp
[3.438s] -- Installing: /home/lim/ros2_px4_ws/install/px4_interface/include/px4_interface/px4_interface/msg/detail/mission_status__type_support.hpp
[3.438s] -- Installing: /home/lim/ros2_px4_ws/install/px4_interface/include/px4_interface/px4_interface/msg/detail/instance_event__traits.hpp
[3.438s] -- Installing: /home/lim/ros2_px4_ws/install/px4_interface/include/px4_interface/px4_interface/msg/detail/instance_list__struct.hpp
[3.438s] -- Installing: /home/lim/ros2_px4_ws/install/px4_interface/include/px4_interface/px4_interface/msg/detail/mission_command__type_support.hpp
[3.438s] -- Installing: /home/lim/ros2_px4_ws/install/px4_interface/include/px4_interface/px4_interface/msg/detail/ui_status__traits.hpp
[3.438s] -- Installing: /home/lim/ros2_px4_ws/install/px4_interface/include/px4_interface/px4_interface/msg/detail/mission_plan__struct.hpp
[3.438s] -- Installing: /home/lim/ros2_px4_ws/install/px4_interface/include/px4_interface/px4_interface/msg/detail/mission_waypoint__struct.hpp
[3.438s] -- Installing: /home/lim/ros2_px4_ws/install/px4_interface/include/px4_interface/px4_interface/msg/detail/instance_list__builder.hpp
[3.438s] -- Installing: /home/lim/ros2_px4_ws/install/px4_interface/include/px4_interface/px4_interface/msg/detail/mission_waypoint__traits.hpp
[3.439s] -- Installing: /home/lim/ros2_px4_ws/install/px4_interface/include/px4_interface/px4_interface/msg/detail/px4_status__traits.hpp
[3.439s] -- Installing: /home/lim/ros2_px4_ws/install/px4_interface/include/px4_interface/px4_interface/msg/detail/gyro_control__type_support.hpp
[3.439s] -- Installing: /home/lim/ros2_px4_ws/install/px4_interface/include/px4_interface/px4_interface/msg/detail/mission_waypoint__type_support.hpp
[3.439s] -- Installing: /home/lim/ros2_px4_ws/install/px4_interface/include/px4_interface/px4_interface/msg/detail/mission_plan_for_drone__traits.hpp
[3.439s] -- Installing: /home/lim/ros2_px4_ws/install/px4_interface/include/px4_interface/px4_interface/msg/detail/gyro_control__builder.hpp
[3.439s] -- Installing: /home/lim/ros2_px4_ws/install/px4_interface/include/px4_interface/px4_interface/msg/detail/mission_plan_for_drone__builder.hpp
[3.439s] -- Installing: /home/lim/ros2_px4_ws/install/px4_interface/include/px4_interface/px4_interface/msg/detail/mission_plan__type_support.hpp
[3.439s] -- Installing: /home/lim/ros2_px4_ws/install/px4_interface/include/px4_interface/px4_interface/msg/gyro_control.hpp
[3.439s] -- Installing: /home/lim/ros2_px4_ws/install/px4_interface/include/px4_interface/px4_interface/msg/ui_status.hpp
[3.439s] -- Installing: /home/lim/ros2_px4_ws/install/px4_interface/include/px4_interface/px4_interface/msg/px4_status.hpp
[3.439s] -- Installing: /home/lim/ros2_px4_ws/install/px4_interface/include/px4_interface/px4_interface/msg/mission_waypoint.hpp
[3.439s] -- Installing: /home/lim/ros2_px4_ws/install/px4_interface/include/px4_interface/px4_interface/msg/mission_command.hpp
[3.439s] -- Installing: /home/lim/ros2_px4_ws/install/px4_interface/include/px4_interface/px4_interface/msg/mission_status.hpp
[3.439s] -- Installing: /home/lim/ros2_px4_ws/install/px4_interface/include/px4_interface/px4_interface/msg/instance_event.hpp
[3.439s] -- Installing: /home/lim/ros2_px4_ws/install/px4_interface/include/px4_interface/px4_interface/msg/mission_plan_for_drone.hpp
[3.440s] -- Installing: /home/lim/ros2_px4_ws/install/px4_interface/include/px4_interface/px4_interface/msg/rosidl_generator_cpp__visibility_control.hpp
[3.440s] -- Installing: /home/lim/ros2_px4_ws/install/px4_interface/include/px4_interface/px4_interface/msg/mission_plan.hpp
[3.440s] -- Up-to-date: /home/lim/ros2_px4_ws/install/px4_interface/include/px4_interface/px4_interface
[3.440s] -- Up-to-date: /home/lim/ros2_px4_ws/install/px4_interface/include/px4_interface/px4_interface/msg
[3.440s] -- Up-to-date: /home/lim/ros2_px4_ws/install/px4_interface/include/px4_interface/px4_interface/msg/detail
[3.440s] -- Installing: /home/lim/ros2_px4_ws/install/px4_interface/include/px4_interface/px4_interface/msg/detail/px4_status__rosidl_typesupport_fastrtps_cpp.hpp
[3.440s] -- Installing: /home/lim/ros2_px4_ws/install/px4_interface/include/px4_interface/px4_interface/msg/detail/instance_list__rosidl_typesupport_fastrtps_cpp.hpp
[3.440s] -- Installing: /home/lim/ros2_px4_ws/install/px4_interface/include/px4_interface/px4_interface/msg/detail/mission_plan__rosidl_typesupport_fastrtps_cpp.hpp
[3.440s] -- Installing: /home/lim/ros2_px4_ws/install/px4_interface/include/px4_interface/px4_interface/msg/detail/dds_fastrtps
[3.440s] -- Installing: /home/lim/ros2_px4_ws/install/px4_interface/include/px4_interface/px4_interface/msg/detail/mission_status__rosidl_typesupport_fastrtps_cpp.hpp
[3.440s] -- Installing: /home/lim/ros2_px4_ws/install/px4_interface/include/px4_interface/px4_interface/msg/detail/mission_plan_for_drone__rosidl_typesupport_fastrtps_cpp.hpp
[3.440s] -- Installing: /home/lim/ros2_px4_ws/install/px4_interface/include/px4_interface/px4_interface/msg/detail/mission_waypoint__rosidl_typesupport_fastrtps_cpp.hpp
[3.440s] -- Installing: /home/lim/ros2_px4_ws/install/px4_interface/include/px4_interface/px4_interface/msg/detail/gyro_control__rosidl_typesupport_fastrtps_cpp.hpp
[3.440s] -- Installing: /home/lim/ros2_px4_ws/install/px4_interface/include/px4_interface/px4_interface/msg/detail/ui_status__rosidl_typesupport_fastrtps_cpp.hpp
[3.440s] -- Installing: /home/lim/ros2_px4_ws/install/px4_interface/include/px4_interface/px4_interface/msg/detail/mission_command__rosidl_typesupport_fastrtps_cpp.hpp
[3.440s] -- Installing: /home/lim/ros2_px4_ws/install/px4_interface/include/px4_interface/px4_interface/msg/detail/instance_event__rosidl_typesupport_fastrtps_cpp.hpp
[3.440s] -- Installing: /home/lim/ros2_px4_ws/install/px4_interface/include/px4_interface/px4_interface/msg/rosidl_typesupport_fastrtps_cpp__visibility_control.h
[3.441s] -- Installing: /home/lim/ros2_px4_ws/install/px4_interface/lib/libpx4_interface__rosidl_typesupport_fastrtps_cpp.so
[3.441s] -- Set runtime path of "/home/lim/ros2_px4_ws/install/px4_interface/lib/libpx4_interface__rosidl_typesupport_fastrtps_cpp.so" to ""
[3.441s] -- Up-to-date: /home/lim/ros2_px4_ws/install/px4_interface/include/px4_interface/px4_interface
[3.441s] -- Up-to-date: /home/lim/ros2_px4_ws/install/px4_interface/include/px4_interface/px4_interface/msg
[3.441s] -- Up-to-date: /home/lim/ros2_px4_ws/install/px4_interface/include/px4_interface/px4_interface/msg/detail
[3.441s] -- Installing: /home/lim/ros2_px4_ws/install/px4_interface/include/px4_interface/px4_interface/msg/detail/mission_plan__rosidl_typesupport_introspection_cpp.hpp
[3.441s] -- Installing: /home/lim/ros2_px4_ws/install/px4_interface/include/px4_interface/px4_interface/msg/detail/px4_status__rosidl_typesupport_introspection_cpp.hpp
[3.441s] -- Installing: /home/lim/ros2_px4_ws/install/px4_interface/include/px4_interface/px4_interface/msg/detail/instance_event__rosidl_typesupport_introspection_cpp.hpp
[3.441s] -- Installing: /home/lim/ros2_px4_ws/install/px4_interface/include/px4_interface/px4_interface/msg/detail/gyro_control__type_support.cpp
[3.441s] -- Installing: /home/lim/ros2_px4_ws/install/px4_interface/include/px4_interface/px4_interface/msg/detail/px4_status__type_support.cpp
[3.441s] -- Installing: /home/lim/ros2_px4_ws/install/px4_interface/include/px4_interface/px4_interface/msg/detail/mission_plan_for_drone__rosidl_typesupport_introspection_cpp.hpp
[3.441s] -- Installing: /home/lim/ros2_px4_ws/install/px4_interface/include/px4_interface/px4_interface/msg/detail/ui_status__rosidl_typesupport_introspection_cpp.hpp
[3.442s] -- Installing: /home/lim/ros2_px4_ws/install/px4_interface/include/px4_interface/px4_interface/msg/detail/instance_event__type_support.cpp
[3.442s] -- Installing: /home/lim/ros2_px4_ws/install/px4_interface/include/px4_interface/px4_interface/msg/detail/mission_status__rosidl_typesupport_introspection_cpp.hpp
[3.442s] -- Installing: /home/lim/ros2_px4_ws/install/px4_interface/include/px4_interface/px4_interface/msg/detail/mission_plan__type_support.cpp
[3.442s] -- Installing: /home/lim/ros2_px4_ws/install/px4_interface/include/px4_interface/px4_interface/msg/detail/mission_command__type_support.cpp
[3.442s] -- Installing: /home/lim/ros2_px4_ws/install/px4_interface/include/px4_interface/px4_interface/msg/detail/gyro_control__rosidl_typesupport_introspection_cpp.hpp
[3.442s] -- Installing: /home/lim/ros2_px4_ws/install/px4_interface/include/px4_interface/px4_interface/msg/detail/mission_command__rosidl_typesupport_introspection_cpp.hpp
[3.442s] -- Installing: /home/lim/ros2_px4_ws/install/px4_interface/include/px4_interface/px4_interface/msg/detail/mission_plan_for_drone__type_support.cpp
[3.442s] -- Installing: /home/lim/ros2_px4_ws/install/px4_interface/include/px4_interface/px4_interface/msg/detail/instance_list__type_support.cpp
[3.442s] -- Installing: /home/lim/ros2_px4_ws/install/px4_interface/include/px4_interface/px4_interface/msg/detail/mission_waypoint__rosidl_typesupport_introspection_cpp.hpp
[3.442s] -- Installing: /home/lim/ros2_px4_ws/install/px4_interface/include/px4_interface/px4_interface/msg/detail/instance_list__rosidl_typesupport_introspection_cpp.hpp
[3.442s] -- Installing: /home/lim/ros2_px4_ws/install/px4_interface/include/px4_interface/px4_interface/msg/detail/mission_status__type_support.cpp
[3.442s] -- Installing: /home/lim/ros2_px4_ws/install/px4_interface/include/px4_interface/px4_interface/msg/detail/mission_waypoint__type_support.cpp
[3.442s] -- Installing: /home/lim/ros2_px4_ws/install/px4_interface/include/px4_interface/px4_interface/msg/detail/ui_status__type_support.cpp
[3.443s] -- Installing: /home/lim/ros2_px4_ws/install/px4_interface/lib/libpx4_interface__rosidl_typesupport_introspection_cpp.so
[3.443s] -- Set runtime path of "/home/lim/ros2_px4_ws/install/px4_interface/lib/libpx4_interface__rosidl_typesupport_introspection_cpp.so" to ""
[3.443s] -- Installing: /home/lim/ros2_px4_ws/install/px4_interface/lib/libpx4_interface__rosidl_typesupport_cpp.so
[3.443s] -- Set runtime path of "/home/lim/ros2_px4_ws/install/px4_interface/lib/libpx4_interface__rosidl_typesupport_cpp.so" to ""
[3.443s] -- Installing: /home/lim/ros2_px4_ws/install/px4_interface/share/px4_interface/environment/pythonpath.sh
[3.443s] -- Installing: /home/lim/ros2_px4_ws/install/px4_interface/share/px4_interface/environment/pythonpath.dsv
[3.443s] -- Installing: /home/lim/ros2_px4_ws/install/px4_interface/local/lib/python3.10/dist-packages/px4_interface-0.0.0-py3.10.egg-info
[3.443s] -- Installing: /home/lim/ros2_px4_ws/install/px4_interface/local/lib/python3.10/dist-packages/px4_interface-0.0.0-py3.10.egg-info/PKG-INFO
[3.443s] -- Installing: /home/lim/ros2_px4_ws/install/px4_interface/local/lib/python3.10/dist-packages/px4_interface-0.0.0-py3.10.egg-info/SOURCES.txt
[3.443s] -- Installing: /home/lim/ros2_px4_ws/install/px4_interface/local/lib/python3.10/dist-packages/px4_interface-0.0.0-py3.10.egg-info/dependency_links.txt
[3.444s] -- Installing: /home/lim/ros2_px4_ws/install/px4_interface/local/lib/python3.10/dist-packages/px4_interface-0.0.0-py3.10.egg-info/top_level.txt
[3.444s] -- Installing: /home/lim/ros2_px4_ws/install/px4_interface/local/lib/python3.10/dist-packages/px4_interface
[3.444s] -- Installing: /home/lim/ros2_px4_ws/install/px4_interface/local/lib/python3.10/dist-packages/px4_interface/px4_interface_s__rosidl_typesupport_fastrtps_c.cpython-310-x86_64-linux-gnu.so
[3.444s] -- Installing: /home/lim/ros2_px4_ws/install/px4_interface/local/lib/python3.10/dist-packages/px4_interface/px4_interface_s__rosidl_typesupport_c.cpython-310-x86_64-linux-gnu.so
[3.444s] -- Installing: /home/lim/ros2_px4_ws/install/px4_interface/local/lib/python3.10/dist-packages/px4_interface/libpx4_interface__rosidl_generator_py.so
[3.444s] -- Installing: /home/lim/ros2_px4_ws/install/px4_interface/local/lib/python3.10/dist-packages/px4_interface/_px4_interface_s.ep.rosidl_typesupport_fastrtps_c.c
[3.444s] -- Installing: /home/lim/ros2_px4_ws/install/px4_interface/local/lib/python3.10/dist-packages/px4_interface/__init__.py
[3.444s] -- Installing: /home/lim/ros2_px4_ws/install/px4_interface/local/lib/python3.10/dist-packages/px4_interface/_px4_interface_s.ep.rosidl_typesupport_c.c
[3.444s] -- Installing: /home/lim/ros2_px4_ws/install/px4_interface/local/lib/python3.10/dist-packages/px4_interface/px4_interface_s__rosidl_typesupport_introspection_c.cpython-310-x86_64-linux-gnu.so
[3.444s] -- Installing: /home/lim/ros2_px4_ws/install/px4_interface/local/lib/python3.10/dist-packages/px4_interface/msg
[3.444s] -- Installing: /home/lim/ros2_px4_ws/install/px4_interface/local/lib/python3.10/dist-packages/px4_interface/msg/_instance_event_s.c
[3.445s] -- Installing: /home/lim/ros2_px4_ws/install/px4_interface/local/lib/python3.10/dist-packages/px4_interface/msg/_mission_command.py
[3.445s] -- Installing: /home/lim/ros2_px4_ws/install/px4_interface/local/lib/python3.10/dist-packages/px4_interface/msg/_mission_plan_s.c
[3.445s] -- Installing: /home/lim/ros2_px4_ws/install/px4_interface/local/lib/python3.10/dist-packages/px4_interface/msg/_mission_waypoint.py
[3.445s] -- Installing: /home/lim/ros2_px4_ws/install/px4_interface/local/lib/python3.10/dist-packages/px4_interface/msg/_ui_status.py
[3.445s] -- Installing: /home/lim/ros2_px4_ws/install/px4_interface/local/lib/python3.10/dist-packages/px4_interface/msg/_mission_command_s.c
[3.445s] -- Installing: /home/lim/ros2_px4_ws/install/px4_interface/local/lib/python3.10/dist-packages/px4_interface/msg/_mission_waypoint_s.c
[3.445s] -- Installing: /home/lim/ros2_px4_ws/install/px4_interface/local/lib/python3.10/dist-packages/px4_interface/msg/_instance_event.py
[3.445s] -- Installing: /home/lim/ros2_px4_ws/install/px4_interface/local/lib/python3.10/dist-packages/px4_interface/msg/__init__.py
[3.445s] -- Installing: /home/lim/ros2_px4_ws/install/px4_interface/local/lib/python3.10/dist-packages/px4_interface/msg/_mission_plan_for_drone_s.c
[3.445s] -- Installing: /home/lim/ros2_px4_ws/install/px4_interface/local/lib/python3.10/dist-packages/px4_interface/msg/_mission_plan_for_drone.py
[3.445s] -- Installing: /home/lim/ros2_px4_ws/install/px4_interface/local/lib/python3.10/dist-packages/px4_interface/msg/_mission_plan.py
[3.445s] -- Installing: /home/lim/ros2_px4_ws/install/px4_interface/local/lib/python3.10/dist-packages/px4_interface/msg/_gyro_control_s.c
[3.445s] -- Installing: /home/lim/ros2_px4_ws/install/px4_interface/local/lib/python3.10/dist-packages/px4_interface/msg/_mission_status.py
[3.445s] -- Installing: /home/lim/ros2_px4_ws/install/px4_interface/local/lib/python3.10/dist-packages/px4_interface/msg/_ui_status_s.c
[3.446s] -- Installing: /home/lim/ros2_px4_ws/install/px4_interface/local/lib/python3.10/dist-packages/px4_interface/msg/_gyro_control.py
[3.446s] -- Installing: /home/lim/ros2_px4_ws/install/px4_interface/local/lib/python3.10/dist-packages/px4_interface/msg/_px4_status.py
[3.446s] -- Installing: /home/lim/ros2_px4_ws/install/px4_interface/local/lib/python3.10/dist-packages/px4_interface/msg/_instance_list_s.c
[3.446s] -- Installing: /home/lim/ros2_px4_ws/install/px4_interface/local/lib/python3.10/dist-packages/px4_interface/msg/_px4_status_s.c
[3.446s] -- Installing: /home/lim/ros2_px4_ws/install/px4_interface/local/lib/python3.10/dist-packages/px4_interface/msg/_instance_list.py
[3.446s] -- Installing: /home/lim/ros2_px4_ws/install/px4_interface/local/lib/python3.10/dist-packages/px4_interface/msg/_mission_status_s.c
[3.446s] -- Installing: /home/lim/ros2_px4_ws/install/px4_interface/local/lib/python3.10/dist-packages/px4_interface/_px4_interface_s.ep.rosidl_typesupport_introspection_c.c
[3.469s] Listing '/home/lim/ros2_px4_ws/install/px4_interface/local/lib/python3.10/dist-packages/px4_interface'...
[3.469s] Compiling '/home/lim/ros2_px4_ws/install/px4_interface/local/lib/python3.10/dist-packages/px4_interface/__init__.py'...
[3.469s] Listing '/home/lim/ros2_px4_ws/install/px4_interface/local/lib/python3.10/dist-packages/px4_interface/msg'...
[3.469s] Compiling '/home/lim/ros2_px4_ws/install/px4_interface/local/lib/python3.10/dist-packages/px4_interface/msg/__init__.py'...
[3.469s] Compiling '/home/lim/ros2_px4_ws/install/px4_interface/local/lib/python3.10/dist-packages/px4_interface/msg/_gyro_control.py'...
[3.469s] Compiling '/home/lim/ros2_px4_ws/install/px4_interface/local/lib/python3.10/dist-packages/px4_interface/msg/_instance_event.py'...
[3.469s] Compiling '/home/lim/ros2_px4_ws/install/px4_interface/local/lib/python3.10/dist-packages/px4_interface/msg/_instance_list.py'...
[3.469s] Compiling '/home/lim/ros2_px4_ws/install/px4_interface/local/lib/python3.10/dist-packages/px4_interface/msg/_mission_command.py'...
[3.469s] Compiling '/home/lim/ros2_px4_ws/install/px4_interface/local/lib/python3.10/dist-packages/px4_interface/msg/_mission_plan.py'...
[3.469s] Compiling '/home/lim/ros2_px4_ws/install/px4_interface/local/lib/python3.10/dist-packages/px4_interface/msg/_mission_plan_for_drone.py'...
[3.469s] Compiling '/home/lim/ros2_px4_ws/install/px4_interface/local/lib/python3.10/dist-packages/px4_interface/msg/_mission_status.py'...
[3.469s] Compiling '/home/lim/ros2_px4_ws/install/px4_interface/local/lib/python3.10/dist-packages/px4_interface/msg/_mission_waypoint.py'...
[3.469s] Compiling '/home/lim/ros2_px4_ws/install/px4_interface/local/lib/python3.10/dist-packages/px4_interface/msg/_px4_status.py'...
[3.470s] Compiling '/home/lim/ros2_px4_ws/install/px4_interface/local/lib/python3.10/dist-packages/px4_interface/msg/_ui_status.py'...
[3.472s] -- Installing: /home/lim/ros2_px4_ws/install/px4_interface/local/lib/python3.10/dist-packages/px4_interface/px4_interface_s__rosidl_typesupport_fastrtps_c.cpython-310-x86_64-linux-gnu.so
[3.472s] -- Set runtime path of "/home/lim/ros2_px4_ws/install/px4_interface/local/lib/python3.10/dist-packages/px4_interface/px4_interface_s__rosidl_typesupport_fastrtps_c.cpython-310-x86_64-linux-gnu.so" to ""
[3.472s] -- Installing: /home/lim/ros2_px4_ws/install/px4_interface/local/lib/python3.10/dist-packages/px4_interface/px4_interface_s__rosidl_typesupport_introspection_c.cpython-310-x86_64-linux-gnu.so
[3.472s] -- Set runtime path of "/home/lim/ros2_px4_ws/install/px4_interface/local/lib/python3.10/dist-packages/px4_interface/px4_interface_s__rosidl_typesupport_introspection_c.cpython-310-x86_64-linux-gnu.so" to ""
[3.472s] -- Installing: /home/lim/ros2_px4_ws/install/px4_interface/local/lib/python3.10/dist-packages/px4_interface/px4_interface_s__rosidl_typesupport_c.cpython-310-x86_64-linux-gnu.so
[3.472s] -- Set runtime path of "/home/lim/ros2_px4_ws/install/px4_interface/local/lib/python3.10/dist-packages/px4_interface/px4_interface_s__rosidl_typesupport_c.cpython-310-x86_64-linux-gnu.so" to ""
[3.472s] -- Installing: /home/lim/ros2_px4_ws/install/px4_interface/lib/libpx4_interface__rosidl_generator_py.so
[3.473s] -- Set runtime path of "/home/lim/ros2_px4_ws/install/px4_interface/lib/libpx4_interface__rosidl_generator_py.so" to ""
[3.473s] -- Installing: /home/lim/ros2_px4_ws/install/px4_interface/share/px4_interface/msg/PX4Status.idl
[3.473s] -- Installing: /home/lim/ros2_px4_ws/install/px4_interface/share/px4_interface/msg/InstanceEvent.idl
[3.473s] -- Installing: /home/lim/ros2_px4_ws/install/px4_interface/share/px4_interface/msg/InstanceList.idl
[3.473s] -- Installing: /home/lim/ros2_px4_ws/install/px4_interface/share/px4_interface/msg/UIStatus.idl
[3.473s] -- Installing: /home/lim/ros2_px4_ws/install/px4_interface/share/px4_interface/msg/MissionWaypoint.idl
[3.473s] -- Installing: /home/lim/ros2_px4_ws/install/px4_interface/share/px4_interface/msg/MissionPlan.idl
[3.473s] -- Installing: /home/lim/ros2_px4_ws/install/px4_interface/share/px4_interface/msg/MissionCommand.idl
[3.473s] -- Installing: /home/lim/ros2_px4_ws/install/px4_interface/share/px4_interface/msg/MissionPlanForDrone.idl
[3.473s] -- Installing: /home/lim/ros2_px4_ws/install/px4_interface/share/px4_interface/msg/MissionStatus.idl
[3.473s] -- Installing: /home/lim/ros2_px4_ws/install/px4_interface/share/px4_interface/msg/GyroControl.idl
[3.474s] -- Installing: /home/lim/ros2_px4_ws/install/px4_interface/share/px4_interface/msg/PX4Status.msg
[3.474s] -- Installing: /home/lim/ros2_px4_ws/install/px4_interface/share/px4_interface/msg/InstanceEvent.msg
[3.474s] -- Installing: /home/lim/ros2_px4_ws/install/px4_interface/share/px4_interface/msg/InstanceList.msg
[3.474s] -- Installing: /home/lim/ros2_px4_ws/install/px4_interface/share/px4_interface/msg/UIStatus.msg
[3.474s] -- Installing: /home/lim/ros2_px4_ws/install/px4_interface/share/px4_interface/msg/MissionWaypoint.msg
[3.474s] -- Installing: /home/lim/ros2_px4_ws/install/px4_interface/share/px4_interface/msg/MissionPlan.msg
[3.474s] -- Installing: /home/lim/ros2_px4_ws/install/px4_interface/share/px4_interface/msg/MissionCommand.msg
[3.474s] -- Installing: /home/lim/ros2_px4_ws/install/px4_interface/share/px4_interface/msg/MissionPlanForDrone.msg
[3.474s] -- Installing: /home/lim/ros2_px4_ws/install/px4_interface/share/px4_interface/msg/MissionStatus.msg
[3.474s] -- Installing: /home/lim/ros2_px4_ws/install/px4_interface/share/px4_interface/msg/GyroControl.msg
[3.474s] -- Installing: /home/lim/ros2_px4_ws/install/px4_interface/share/ament_index/resource_index/package_run_dependencies/px4_interface
[3.474s] -- Installing: /home/lim/ros2_px4_ws/install/px4_interface/share/ament_index/resource_index/parent_prefix_path/px4_interface
[3.475s] -- Installing: /home/lim/ros2_px4_ws/install/px4_interface/share/px4_interface/environment/ament_prefix_path.sh
[3.475s] -- Installing: /home/lim/ros2_px4_ws/install/px4_interface/share/px4_interface/environment/ament_prefix_path.dsv
[3.475s] -- Installing: /home/lim/ros2_px4_ws/install/px4_interface/share/px4_interface/environment/path.sh
[3.475s] -- Installing: /home/lim/ros2_px4_ws/install/px4_interface/share/px4_interface/environment/path.dsv
[3.475s] -- Installing: /home/lim/ros2_px4_ws/install/px4_interface/share/px4_interface/local_setup.bash
[3.475s] -- Installing: /home/lim/ros2_px4_ws/install/px4_interface/share/px4_interface/local_setup.sh
[3.475s] -- Installing: /home/lim/ros2_px4_ws/install/px4_interface/share/px4_interface/local_setup.zsh
[3.475s] -- Installing: /home/lim/ros2_px4_ws/install/px4_interface/share/px4_interface/local_setup.dsv
[3.475s] -- Installing: /home/lim/ros2_px4_ws/install/px4_interface/share/px4_interface/package.dsv
[3.475s] -- Installing: /home/lim/ros2_px4_ws/install/px4_interface/share/ament_index/resource_index/packages/px4_interface
[3.475s] -- Installing: /home/lim/ros2_px4_ws/install/px4_interface/share/px4_interface/cmake/export_px4_interface__rosidl_generator_cExport.cmake
[3.476s] -- Installing: /home/lim/ros2_px4_ws/install/px4_interface/share/px4_interface/cmake/export_px4_interface__rosidl_generator_cExport-noconfig.cmake
[3.476s] -- Installing: /home/lim/ros2_px4_ws/install/px4_interface/share/px4_interface/cmake/export_px4_interface__rosidl_typesupport_fastrtps_cExport.cmake
[3.476s] -- Installing: /home/lim/ros2_px4_ws/install/px4_interface/share/px4_interface/cmake/export_px4_interface__rosidl_typesupport_fastrtps_cExport-noconfig.cmake
[3.476s] -- Installing: /home/lim/ros2_px4_ws/install/px4_interface/share/px4_interface/cmake/px4_interface__rosidl_typesupport_introspection_cExport.cmake
[3.476s] -- Installing: /home/lim/ros2_px4_ws/install/px4_interface/share/px4_interface/cmake/px4_interface__rosidl_typesupport_introspection_cExport-noconfig.cmake
[3.476s] -- Installing: /home/lim/ros2_px4_ws/install/px4_interface/share/px4_interface/cmake/px4_interface__rosidl_typesupport_cExport.cmake
[3.476s] -- Installing: /home/lim/ros2_px4_ws/install/px4_interface/share/px4_interface/cmake/px4_interface__rosidl_typesupport_cExport-noconfig.cmake
[3.476s] -- Installing: /home/lim/ros2_px4_ws/install/px4_interface/share/px4_interface/cmake/export_px4_interface__rosidl_generator_cppExport.cmake
[3.476s] -- Installing: /home/lim/ros2_px4_ws/install/px4_interface/share/px4_interface/cmake/export_px4_interface__rosidl_typesupport_fastrtps_cppExport.cmake
[3.476s] -- Installing: /home/lim/ros2_px4_ws/install/px4_interface/share/px4_interface/cmake/export_px4_interface__rosidl_typesupport_fastrtps_cppExport-noconfig.cmake
[3.476s] -- Installing: /home/lim/ros2_px4_ws/install/px4_interface/share/px4_interface/cmake/px4_interface__rosidl_typesupport_introspection_cppExport.cmake
[3.477s] -- Installing: /home/lim/ros2_px4_ws/install/px4_interface/share/px4_interface/cmake/px4_interface__rosidl_typesupport_introspection_cppExport-noconfig.cmake
[3.477s] -- Installing: /home/lim/ros2_px4_ws/install/px4_interface/share/px4_interface/cmake/px4_interface__rosidl_typesupport_cppExport.cmake
[3.477s] -- Installing: /home/lim/ros2_px4_ws/install/px4_interface/share/px4_interface/cmake/px4_interface__rosidl_typesupport_cppExport-noconfig.cmake
[3.477s] -- Installing: /home/lim/ros2_px4_ws/install/px4_interface/share/px4_interface/cmake/export_px4_interface__rosidl_generator_pyExport.cmake
[3.477s] -- Installing: /home/lim/ros2_px4_ws/install/px4_interface/share/px4_interface/cmake/export_px4_interface__rosidl_generator_pyExport-noconfig.cmake
[3.477s] -- Installing: /home/lim/ros2_px4_ws/install/px4_interface/share/px4_interface/cmake/rosidl_cmake-extras.cmake
[3.477s] -- Installing: /home/lim/ros2_px4_ws/install/px4_interface/share/px4_interface/cmake/ament_cmake_export_include_directories-extras.cmake
[3.477s] -- Installing: /home/lim/ros2_px4_ws/install/px4_interface/share/px4_interface/cmake/ament_cmake_export_libraries-extras.cmake
[3.477s] -- Installing: /home/lim/ros2_px4_ws/install/px4_interface/share/px4_interface/cmake/ament_cmake_export_targets-extras.cmake
[3.477s] -- Installing: /home/lim/ros2_px4_ws/install/px4_interface/share/px4_interface/cmake/rosidl_cmake_export_typesupport_targets-extras.cmake
[3.477s] -- Installing: /home/lim/ros2_px4_ws/install/px4_interface/share/px4_interface/cmake/ament_cmake_export_dependencies-extras.cmake
[3.478s] -- Installing: /home/lim/ros2_px4_ws/install/px4_interface/share/px4_interface/cmake/rosidl_cmake_export_typesupport_libraries-extras.cmake
[3.478s] -- Installing: /home/lim/ros2_px4_ws/install/px4_interface/share/px4_interface/cmake/px4_interfaceConfig.cmake
[3.478s] -- Installing: /home/lim/ros2_px4_ws/install/px4_interface/share/px4_interface/cmake/px4_interfaceConfig-version.cmake
[3.478s] -- Installing: /home/lim/ros2_px4_ws/install/px4_interface/share/px4_interface/package.xml
[3.479s] Invoked command in '/home/lim/ros2_px4_ws/build/px4_interface' returned '0': CMAKE_PREFIX_PATH=${CMAKE_PREFIX_PATH}:/opt/ros/humble /usr/bin/cmake --install /home/lim/ros2_px4_ws/build/px4_interface
