-- The C compiler identification is GNU 11.4.0
-- The CXX compiler identification is GNU 11.4.0
-- Detecting C compiler ABI info
-- Detecting C compiler ABI info - done
-- Check for working C compiler: /usr/bin/cc - skipped
-- Detecting C compile features
-- Detecting C compile features - done
-- Detecting CXX compiler ABI info
-- Detecting CXX compiler ABI info - done
-- Check for working CXX compiler: /usr/bin/c++ - skipped
-- Detecting CXX compile features
-- Detecting CXX compile features - done
-- Found ament_cmake: 1.3.12 (/opt/ros/humble/share/ament_cmake/cmake)
-- Found Python3: /usr/bin/python3 (found version "3.10.12") found components: Interpreter 
-- Found rclcpp: 16.0.15 (/opt/ros/humble/share/rclcpp/cmake)
-- Found rosidl_generator_c: 3.1.7 (/opt/ros/humble/share/rosidl_generator_c/cmake)
-- Found rosidl_adapter: 3.1.7 (/opt/ros/humble/share/rosidl_adapter/cmake)
-- Found rosidl_generator_cpp: 3.1.7 (/opt/ros/humble/share/rosidl_generator_cpp/cmake)
-- Using all available rosidl_typesupport_c: rosidl_typesupport_fastrtps_c;rosidl_typesupport_introspection_c
-- Using all available rosidl_typesupport_cpp: rosidl_typesupport_fastrtps_cpp;rosidl_typesupport_introspection_cpp
-- Found rmw_implementation_cmake: 6.1.2 (/opt/ros/humble/share/rmw_implementation_cmake/cmake)
-- Found rmw_fastrtps_cpp: 6.2.9 (/opt/ros/humble/share/rmw_fastrtps_cpp/cmake)
-- Found OpenSSL: /usr/lib/x86_64-linux-gnu/libcrypto.so (found version "3.0.2")  
-- Found FastRTPS: /opt/ros/humble/include  
-- Using RMW implementation 'rmw_fastrtps_cpp' as default
-- Looking for pthread.h
-- Looking for pthread.h - found
-- Performing Test CMAKE_HAVE_LIBC_PTHREAD
-- Performing Test CMAKE_HAVE_LIBC_PTHREAD - Success
-- Found Threads: TRUE  
-- Found px4_msgs: 2.0.1 (/home/lim/ros2_px4_ws/install/px4_msgs/share/px4_msgs/cmake)
-- Found px4_interface: 0.0.0 (/home/lim/ros2_px4_ws/install/px4_interface/share/px4_interface/cmake)
-- Found tf2: 0.25.16 (/opt/ros/humble/share/tf2/cmake)
-- Found nlohmann_json: /usr/lib/cmake/nlohmann_json/nlohmann_jsonConfig.cmake (found version "3.10.5") 
-- Found rosbag2_cpp: 0.15.15 (/opt/ros/humble/share/rosbag2_cpp/cmake)
-- Configuring done
-- Generating done
-- Build files have been written to: /home/lim/ros2_px4_ws/build/px4_sim_cpp
[ 16%] [32mBuilding CXX object CMakeFiles/gcs_gyro_gateway_node.dir/src/gcs_gyro_gateway_node.cpp.o[0m
[ 25%] [32mBuilding CXX object CMakeFiles/mission_planner_node.dir/src/mission_planner_node.cpp.o[0m
[ 25%] [32mBuilding CXX object CMakeFiles/px4_status_node.dir/src/px4_status_node.cpp.o[0m
[ 41%] [32mBuilding CXX object CMakeFiles/px4_interface_bag_recorder.dir/src/px4_interface_bag_recorder.cpp.o[0m
[ 41%] [32mBuilding CXX object CMakeFiles/mission_control_node.dir/src/mission_control_node.cpp.o[0m
[ 50%] [32mBuilding CXX object CMakeFiles/gyro_control_node.dir/src/gyro_control_node.cpp.o[0m
[ 58%] [32m[1mLinking CXX executable gcs_gyro_gateway_node[0m
[ 58%] Built target gcs_gyro_gateway_node
[ 66%] [32m[1mLinking CXX executable mission_planner_node[0m
[ 75%] [32m[1mLinking CXX executable gyro_control_node[0m
[ 75%] Built target mission_planner_node
[ 75%] Built target gyro_control_node
[ 83%] [32m[1mLinking CXX executable mission_control_node[0m
[ 83%] Built target mission_control_node
[ 91%] [32m[1mLinking CXX executable px4_status_node[0m
[ 91%] Built target px4_status_node
[100%] [32m[1mLinking CXX executable px4_interface_bag_recorder[0m
[100%] Built target px4_interface_bag_recorder
-- Install configuration: ""
-- Installing: /home/lim/ros2_px4_ws/install/px4_sim_cpp/lib/px4_sim_cpp/px4_status_node
-- Set runtime path of "/home/lim/ros2_px4_ws/install/px4_sim_cpp/lib/px4_sim_cpp/px4_status_node" to ""
-- Installing: /home/lim/ros2_px4_ws/install/px4_sim_cpp/lib/px4_sim_cpp/mission_planner_node
-- Set runtime path of "/home/lim/ros2_px4_ws/install/px4_sim_cpp/lib/px4_sim_cpp/mission_planner_node" to ""
-- Installing: /home/lim/ros2_px4_ws/install/px4_sim_cpp/lib/px4_sim_cpp/mission_control_node
-- Set runtime path of "/home/lim/ros2_px4_ws/install/px4_sim_cpp/lib/px4_sim_cpp/mission_control_node" to ""
-- Installing: /home/lim/ros2_px4_ws/install/px4_sim_cpp/lib/px4_sim_cpp/gcs_gyro_gateway_node
-- Set runtime path of "/home/lim/ros2_px4_ws/install/px4_sim_cpp/lib/px4_sim_cpp/gcs_gyro_gateway_node" to ""
-- Installing: /home/lim/ros2_px4_ws/install/px4_sim_cpp/lib/px4_sim_cpp/gyro_control_node
-- Set runtime path of "/home/lim/ros2_px4_ws/install/px4_sim_cpp/lib/px4_sim_cpp/gyro_control_node" to ""
-- Installing: /home/lim/ros2_px4_ws/install/px4_sim_cpp/lib/px4_sim_cpp/px4_interface_bag_recorder
-- Set runtime path of "/home/lim/ros2_px4_ws/install/px4_sim_cpp/lib/px4_sim_cpp/px4_interface_bag_recorder" to ""
-- Installing: /home/lim/ros2_px4_ws/install/px4_sim_cpp/share/ament_index/resource_index/package_run_dependencies/px4_sim_cpp
-- Installing: /home/lim/ros2_px4_ws/install/px4_sim_cpp/share/ament_index/resource_index/parent_prefix_path/px4_sim_cpp
-- Installing: /home/lim/ros2_px4_ws/install/px4_sim_cpp/share/px4_sim_cpp/environment/ament_prefix_path.sh
-- Installing: /home/lim/ros2_px4_ws/install/px4_sim_cpp/share/px4_sim_cpp/environment/ament_prefix_path.dsv
-- Installing: /home/lim/ros2_px4_ws/install/px4_sim_cpp/share/px4_sim_cpp/environment/path.sh
-- Installing: /home/lim/ros2_px4_ws/install/px4_sim_cpp/share/px4_sim_cpp/environment/path.dsv
-- Installing: /home/lim/ros2_px4_ws/install/px4_sim_cpp/share/px4_sim_cpp/local_setup.bash
-- Installing: /home/lim/ros2_px4_ws/install/px4_sim_cpp/share/px4_sim_cpp/local_setup.sh
-- Installing: /home/lim/ros2_px4_ws/install/px4_sim_cpp/share/px4_sim_cpp/local_setup.zsh
-- Installing: /home/lim/ros2_px4_ws/install/px4_sim_cpp/share/px4_sim_cpp/local_setup.dsv
-- Installing: /home/lim/ros2_px4_ws/install/px4_sim_cpp/share/px4_sim_cpp/package.dsv
-- Installing: /home/lim/ros2_px4_ws/install/px4_sim_cpp/share/ament_index/resource_index/packages/px4_sim_cpp
-- Installing: /home/lim/ros2_px4_ws/install/px4_sim_cpp/share/px4_sim_cpp/cmake/px4_sim_cppConfig.cmake
-- Installing: /home/lim/ros2_px4_ws/install/px4_sim_cpp/share/px4_sim_cpp/cmake/px4_sim_cppConfig-version.cmake
-- Installing: /home/lim/ros2_px4_ws/install/px4_sim_cpp/share/px4_sim_cpp/package.xml
