[0.006s] Invoking command in '/home/lim/ros2_px4_ws/build/px4_sim_cpp': AMENT_PREFIX_PATH=/home/lim/ros2_px4_ws/install/px4_interface:${AMENT_PREFIX_PATH} CMAKE_PREFIX_PATH=${CMAKE_PREFIX_PATH}:/home/lim/ros2_px4_ws/install/px4_interface:/opt/ros/humble LD_LIBRARY_PATH=/home/lim/ros2_px4_ws/install/px4_msgs/lib:/home/lim/ros2_px4_ws/install/px4_interface/lib:/opt/ros/humble/lib/x86_64-linux-gnu:/opt/ros/humble/lib PYTHONPATH=/home/lim/ros2_px4_ws/install/px4_interface/local/lib/python3.10/dist-packages:${PYTHONPATH} /usr/bin/cmake /home/lim/ros2_px4_ws/src/px4_sim_cpp -DCMAKE_INSTALL_PREFIX=/home/lim/ros2_px4_ws/install/px4_sim_cpp
[0.036s] -- The C compiler identification is GNU 11.4.0
[0.065s] -- The CXX compiler identification is GNU 11.4.0
[0.069s] -- Detecting C compiler ABI info
[0.105s] -- Detecting C compiler ABI info - done
[0.109s] -- Check for working C compiler: /usr/bin/cc - skipped
[0.109s] -- Detecting C compile features
[0.109s] -- Detecting C compile features - done
[0.111s] -- Detecting CXX compiler ABI info
[0.151s] -- Detecting CXX compiler ABI info - done
[0.155s] -- Check for working CXX compiler: /usr/bin/c++ - skipped
[0.155s] -- Detecting CXX compile features
[0.155s] -- Detecting CXX compile features - done
[0.156s] -- Found ament_cmake: 1.3.12 (/opt/ros/humble/share/ament_cmake/cmake)
[0.229s] -- Found Python3: /usr/bin/python3 (found version "3.10.12") found components: Interpreter 
[0.271s] -- Found rclcpp: 16.0.15 (/opt/ros/humble/share/rclcpp/cmake)
[0.289s] -- Found rosidl_generator_c: 3.1.7 (/opt/ros/humble/share/rosidl_generator_c/cmake)
[0.291s] -- Found rosidl_adapter: 3.1.7 (/opt/ros/humble/share/rosidl_adapter/cmake)
[0.295s] -- Found rosidl_generator_cpp: 3.1.7 (/opt/ros/humble/share/rosidl_generator_cpp/cmake)
[0.301s] -- Using all available rosidl_typesupport_c: rosidl_typesupport_fastrtps_c;rosidl_typesupport_introspection_c
[0.308s] -- Using all available rosidl_typesupport_cpp: rosidl_typesupport_fastrtps_cpp;rosidl_typesupport_introspection_cpp
[0.329s] -- Found rmw_implementation_cmake: 6.1.2 (/opt/ros/humble/share/rmw_implementation_cmake/cmake)
[0.330s] -- Found rmw_fastrtps_cpp: 6.2.9 (/opt/ros/humble/share/rmw_fastrtps_cpp/cmake)
[0.375s] -- Found OpenSSL: /usr/lib/x86_64-linux-gnu/libcrypto.so (found version "3.0.2")  
[0.385s] -- Found FastRTPS: /opt/ros/humble/include  
[0.401s] -- Using RMW implementation 'rmw_fastrtps_cpp' as default
[0.405s] -- Looking for pthread.h
[0.442s] -- Looking for pthread.h - found
[0.443s] -- Performing Test CMAKE_HAVE_LIBC_PTHREAD
[0.480s] -- Performing Test CMAKE_HAVE_LIBC_PTHREAD - Success
[0.481s] -- Found Threads: TRUE  
[0.505s] -- Found px4_msgs: 2.0.1 (/home/lim/ros2_px4_ws/install/px4_msgs/share/px4_msgs/cmake)
[0.511s] -- Found px4_interface: 0.0.0 (/home/lim/ros2_px4_ws/install/px4_interface/share/px4_interface/cmake)
[0.516s] -- Found tf2: 0.25.16 (/opt/ros/humble/share/tf2/cmake)
[0.526s] -- Found nlohmann_json: /usr/lib/cmake/nlohmann_json/nlohmann_jsonConfig.cmake (found version "3.10.5") 
[0.527s] -- Found rosbag2_cpp: 0.15.15 (/opt/ros/humble/share/rosbag2_cpp/cmake)
[0.572s] -- Configuring done
[0.586s] -- Generating done
[0.590s] -- Build files have been written to: /home/lim/ros2_px4_ws/build/px4_sim_cpp
[0.595s] Invoked command in '/home/lim/ros2_px4_ws/build/px4_sim_cpp' returned '0': AMENT_PREFIX_PATH=/home/lim/ros2_px4_ws/install/px4_interface:${AMENT_PREFIX_PATH} CMAKE_PREFIX_PATH=${CMAKE_PREFIX_PATH}:/home/lim/ros2_px4_ws/install/px4_interface:/opt/ros/humble LD_LIBRARY_PATH=/home/lim/ros2_px4_ws/install/px4_msgs/lib:/home/lim/ros2_px4_ws/install/px4_interface/lib:/opt/ros/humble/lib/x86_64-linux-gnu:/opt/ros/humble/lib PYTHONPATH=/home/lim/ros2_px4_ws/install/px4_interface/local/lib/python3.10/dist-packages:${PYTHONPATH} /usr/bin/cmake /home/lim/ros2_px4_ws/src/px4_sim_cpp -DCMAKE_INSTALL_PREFIX=/home/lim/ros2_px4_ws/install/px4_sim_cpp
[0.596s] Invoking command in '/home/lim/ros2_px4_ws/build/px4_sim_cpp': AMENT_PREFIX_PATH=/home/lim/ros2_px4_ws/install/px4_interface:${AMENT_PREFIX_PATH} CMAKE_PREFIX_PATH=${CMAKE_PREFIX_PATH}:/home/lim/ros2_px4_ws/install/px4_interface:/opt/ros/humble LD_LIBRARY_PATH=/home/lim/ros2_px4_ws/install/px4_msgs/lib:/home/lim/ros2_px4_ws/install/px4_interface/lib:/opt/ros/humble/lib/x86_64-linux-gnu:/opt/ros/humble/lib PYTHONPATH=/home/lim/ros2_px4_ws/install/px4_interface/local/lib/python3.10/dist-packages:${PYTHONPATH} /usr/bin/cmake --build /home/lim/ros2_px4_ws/build/px4_sim_cpp -- -j24 -l24
[0.622s] [ 16%] [32mBuilding CXX object CMakeFiles/gcs_gyro_gateway_node.dir/src/gcs_gyro_gateway_node.cpp.o[0m
[0.622s] [ 25%] [32mBuilding CXX object CMakeFiles/mission_planner_node.dir/src/mission_planner_node.cpp.o[0m
[0.622s] [ 25%] [32mBuilding CXX object CMakeFiles/px4_status_node.dir/src/px4_status_node.cpp.o[0m
[0.623s] [ 41%] [32mBuilding CXX object CMakeFiles/px4_interface_bag_recorder.dir/src/px4_interface_bag_recorder.cpp.o[0m
[0.623s] [ 41%] [32mBuilding CXX object CMakeFiles/mission_control_node.dir/src/mission_control_node.cpp.o[0m
[0.625s] [ 50%] [32mBuilding CXX object CMakeFiles/gyro_control_node.dir/src/gyro_control_node.cpp.o[0m
[5.409s] [ 58%] [32m[1mLinking CXX executable gcs_gyro_gateway_node[0m
[5.603s] [ 58%] Built target gcs_gyro_gateway_node
[8.002s] [ 66%] [32m[1mLinking CXX executable mission_planner_node[0m
[8.221s] [ 75%] [32m[1mLinking CXX executable gyro_control_node[0m
[8.338s] [ 75%] Built target mission_planner_node
[8.554s] [ 75%] Built target gyro_control_node
[9.483s] [ 83%] [32m[1mLinking CXX executable mission_control_node[0m
[9.886s] [ 83%] Built target mission_control_node
[13.066s] [ 91%] [32m[1mLinking CXX executable px4_status_node[0m
[13.684s] [ 91%] Built target px4_status_node
[16.110s] [100%] [32m[1mLinking CXX executable px4_interface_bag_recorder[0m
[16.865s] [100%] Built target px4_interface_bag_recorder
[16.872s] Invoked command in '/home/lim/ros2_px4_ws/build/px4_sim_cpp' returned '0': AMENT_PREFIX_PATH=/home/lim/ros2_px4_ws/install/px4_interface:${AMENT_PREFIX_PATH} CMAKE_PREFIX_PATH=${CMAKE_PREFIX_PATH}:/home/lim/ros2_px4_ws/install/px4_interface:/opt/ros/humble LD_LIBRARY_PATH=/home/lim/ros2_px4_ws/install/px4_msgs/lib:/home/lim/ros2_px4_ws/install/px4_interface/lib:/opt/ros/humble/lib/x86_64-linux-gnu:/opt/ros/humble/lib PYTHONPATH=/home/lim/ros2_px4_ws/install/px4_interface/local/lib/python3.10/dist-packages:${PYTHONPATH} /usr/bin/cmake --build /home/lim/ros2_px4_ws/build/px4_sim_cpp -- -j24 -l24
[16.873s] Invoking command in '/home/lim/ros2_px4_ws/build/px4_sim_cpp': AMENT_PREFIX_PATH=/home/lim/ros2_px4_ws/install/px4_interface:${AMENT_PREFIX_PATH} CMAKE_PREFIX_PATH=${CMAKE_PREFIX_PATH}:/home/lim/ros2_px4_ws/install/px4_interface:/opt/ros/humble LD_LIBRARY_PATH=/home/lim/ros2_px4_ws/install/px4_msgs/lib:/home/lim/ros2_px4_ws/install/px4_interface/lib:/opt/ros/humble/lib/x86_64-linux-gnu:/opt/ros/humble/lib PYTHONPATH=/home/lim/ros2_px4_ws/install/px4_interface/local/lib/python3.10/dist-packages:${PYTHONPATH} /usr/bin/cmake --install /home/lim/ros2_px4_ws/build/px4_sim_cpp
[16.878s] -- Install configuration: ""
[16.878s] -- Installing: /home/lim/ros2_px4_ws/install/px4_sim_cpp/lib/px4_sim_cpp/px4_status_node
[16.889s] -- Set runtime path of "/home/lim/ros2_px4_ws/install/px4_sim_cpp/lib/px4_sim_cpp/px4_status_node" to ""
[16.889s] -- Installing: /home/lim/ros2_px4_ws/install/px4_sim_cpp/lib/px4_sim_cpp/mission_planner_node
[16.895s] -- Set runtime path of "/home/lim/ros2_px4_ws/install/px4_sim_cpp/lib/px4_sim_cpp/mission_planner_node" to ""
[16.895s] -- Installing: /home/lim/ros2_px4_ws/install/px4_sim_cpp/lib/px4_sim_cpp/mission_control_node
[16.902s] -- Set runtime path of "/home/lim/ros2_px4_ws/install/px4_sim_cpp/lib/px4_sim_cpp/mission_control_node" to ""
[16.902s] -- Installing: /home/lim/ros2_px4_ws/install/px4_sim_cpp/lib/px4_sim_cpp/gcs_gyro_gateway_node
[16.905s] -- Set runtime path of "/home/lim/ros2_px4_ws/install/px4_sim_cpp/lib/px4_sim_cpp/gcs_gyro_gateway_node" to ""
[16.906s] -- Installing: /home/lim/ros2_px4_ws/install/px4_sim_cpp/lib/px4_sim_cpp/gyro_control_node
[16.911s] -- Set runtime path of "/home/lim/ros2_px4_ws/install/px4_sim_cpp/lib/px4_sim_cpp/gyro_control_node" to ""
[16.911s] -- Installing: /home/lim/ros2_px4_ws/install/px4_sim_cpp/lib/px4_sim_cpp/px4_interface_bag_recorder
[16.925s] -- Set runtime path of "/home/lim/ros2_px4_ws/install/px4_sim_cpp/lib/px4_sim_cpp/px4_interface_bag_recorder" to ""
[16.925s] -- Installing: /home/lim/ros2_px4_ws/install/px4_sim_cpp/share/ament_index/resource_index/package_run_dependencies/px4_sim_cpp
[16.925s] -- Installing: /home/lim/ros2_px4_ws/install/px4_sim_cpp/share/ament_index/resource_index/parent_prefix_path/px4_sim_cpp
[16.925s] -- Installing: /home/lim/ros2_px4_ws/install/px4_sim_cpp/share/px4_sim_cpp/environment/ament_prefix_path.sh
[16.925s] -- Installing: /home/lim/ros2_px4_ws/install/px4_sim_cpp/share/px4_sim_cpp/environment/ament_prefix_path.dsv
[16.926s] -- Installing: /home/lim/ros2_px4_ws/install/px4_sim_cpp/share/px4_sim_cpp/environment/path.sh
[16.926s] -- Installing: /home/lim/ros2_px4_ws/install/px4_sim_cpp/share/px4_sim_cpp/environment/path.dsv
[16.926s] -- Installing: /home/lim/ros2_px4_ws/install/px4_sim_cpp/share/px4_sim_cpp/local_setup.bash
[16.926s] -- Installing: /home/lim/ros2_px4_ws/install/px4_sim_cpp/share/px4_sim_cpp/local_setup.sh
[16.926s] -- Installing: /home/lim/ros2_px4_ws/install/px4_sim_cpp/share/px4_sim_cpp/local_setup.zsh
[16.926s] -- Installing: /home/lim/ros2_px4_ws/install/px4_sim_cpp/share/px4_sim_cpp/local_setup.dsv
[16.926s] -- Installing: /home/lim/ros2_px4_ws/install/px4_sim_cpp/share/px4_sim_cpp/package.dsv
[16.926s] -- Installing: /home/lim/ros2_px4_ws/install/px4_sim_cpp/share/ament_index/resource_index/packages/px4_sim_cpp
[16.926s] -- Installing: /home/lim/ros2_px4_ws/install/px4_sim_cpp/share/px4_sim_cpp/cmake/px4_sim_cppConfig.cmake
[16.926s] -- Installing: /home/lim/ros2_px4_ws/install/px4_sim_cpp/share/px4_sim_cpp/cmake/px4_sim_cppConfig-version.cmake
[16.926s] -- Installing: /home/lim/ros2_px4_ws/install/px4_sim_cpp/share/px4_sim_cpp/package.xml
[16.928s] Invoked command in '/home/lim/ros2_px4_ws/build/px4_sim_cpp' returned '0': AMENT_PREFIX_PATH=/home/lim/ros2_px4_ws/install/px4_interface:${AMENT_PREFIX_PATH} CMAKE_PREFIX_PATH=${CMAKE_PREFIX_PATH}:/home/lim/ros2_px4_ws/install/px4_interface:/opt/ros/humble LD_LIBRARY_PATH=/home/lim/ros2_px4_ws/install/px4_msgs/lib:/home/lim/ros2_px4_ws/install/px4_interface/lib:/opt/ros/humble/lib/x86_64-linux-gnu:/opt/ros/humble/lib PYTHONPATH=/home/lim/ros2_px4_ws/install/px4_interface/local/lib/python3.10/dist-packages:${PYTHONPATH} /usr/bin/cmake --install /home/lim/ros2_px4_ws/build/px4_sim_cpp
